commit notification 84480225c6c04ec8f6d753c5827cc47c6a8be56f
Building in workspace /var/lib/jenkins/workspace/iTrust-Fuzzer
 > git rev-parse --is-inside-work-tree # timeout=10
Fetching changes from the remote Git repository
 > git config remote.origin.url https://github.ncsu.edu/smirhos/iTrust-v23 # timeout=10
Fetching upstream changes from https://github.ncsu.edu/smirhos/iTrust-v23
 > git --version # timeout=10
using GIT_ASKPASS to set credentials 
 > git fetch --tags --progress https://github.ncsu.edu/smirhos/iTrust-v23 +refs/heads/*:refs/remotes/origin/*
 > git rev-parse 84480225c6c04ec8f6d753c5827cc47c6a8be56f^{commit} # timeout=10
 > git branch -a -v --no-abbrev --contains 84480225c6c04ec8f6d753c5827cc47c6a8be56f # timeout=10
Checking out Revision 84480225c6c04ec8f6d753c5827cc47c6a8be56f (origin/fuzzer)
 > git config core.sparsecheckout # timeout=10
 > git checkout -f 84480225c6c04ec8f6d753c5827cc47c6a8be56f
 > git rev-list 172e12222ba631f8799351ebc7b01fbbdf573481 # timeout=10
[iTrust-Fuzzer] $ /bin/sh -xe /tmp/hudson3207796187621830635.sh
+ git checkout HEAD
+ cd ./iTrust
+ mvn package
[INFO] Scanning for projects...
[WARNING] 
[WARNING] Some problems were encountered while building the effective model for iTrust:iTrust:war:23.0.0
[WARNING] 'dependencies.dependency.systemPath' for org.cewolf:cewolf:jar should not point at files within the project directory, ${project.basedir}/WebRoot/WEB-INF/lib/cewolf-1.1.jar will be unresolvable by dependent projects @ line 408, column 18
[WARNING] 
[WARNING] It is highly recommended to fix these problems because they threaten the stability of your build.
[WARNING] 
[WARNING] For this reason, future Maven versions might no longer support building such malformed projects.
[WARNING] 
[INFO]                                                                         
[INFO] ------------------------------------------------------------------------
[INFO] Building iTrust 23.0.0
[INFO] ------------------------------------------------------------------------
[WARNING] The POM for milyn:sac:jar:1.3 is missing, no dependency information available
[INFO] 
[INFO] --- jacoco-maven-plugin:0.7.8:prepare-agent (jacoco-initialize) @ iTrust ---
[INFO] argLine set to -javaagent:/var/lib/jenkins/.m2/repository/org/jacoco/org.jacoco.agent/0.7.8/org.jacoco.agent-0.7.8-runtime.jar=destfile=/var/lib/jenkins/workspace/iTrust-Fuzzer/iTrust/target/jacoco.exec
[INFO] 
[INFO] --- maven-resources-plugin:2.3:resources (default-resources) @ iTrust ---
[INFO] Using 'UTF-8' encoding to copy filtered resources.
[INFO] Copying 4 resources
[INFO] 
[INFO] --- maven-compiler-plugin:3.3:compile (default-compile) @ iTrust ---
[INFO] Changes detected - recompiling the module!
[INFO] Compiling 306 source files to /var/lib/jenkins/workspace/iTrust-Fuzzer/iTrust/target/classes
[INFO] /var/lib/jenkins/workspace/iTrust-Fuzzer/iTrust/src/main/edu/ncsu/csc/itrust/webutils/SessionUtils.java: /var/lib/jenkins/workspace/iTrust-Fuzzer/iTrust/src/main/edu/ncsu/csc/itrust/webutils/SessionUtils.java uses unchecked or unsafe operations.
[INFO] /var/lib/jenkins/workspace/iTrust-Fuzzer/iTrust/src/main/edu/ncsu/csc/itrust/webutils/SessionUtils.java: Recompile with -Xlint:unchecked for details.
[INFO] 
[INFO] --- maven-resources-plugin:2.3:testResources (default-testResources) @ iTrust ---
[INFO] Using 'UTF-8' encoding to copy filtered resources.
[INFO] Copying 10 resources
[INFO] 
[INFO] --- maven-compiler-plugin:3.3:testCompile (default-testCompile) @ iTrust ---
[INFO] Nothing to compile - all classes are up to date
[INFO] 
[INFO] --- exec-maven-plugin:1.4.0:java (BuildDB) @ iTrust ---
[INFO] 
[INFO] --- exec-maven-plugin:1.4.0:java (GenerateTestData) @ iTrust ---
[INFO] 
[INFO] --- maven-surefire-plugin:2.19:test (default-test) @ iTrust ---

-------------------------------------------------------
 T E S T S
-------------------------------------------------------
Running edu.ncsu.csc.itrust.model.labtechnician.LabTechnicianControllerTest
Tests run: 1, Failures: 0, Errors: 0, Skipped: 0, Time elapsed: 10.509 sec - in edu.ncsu.csc.itrust.model.labtechnician.LabTechnicianControllerTest
Running edu.ncsu.csc.itrust.logger.TransactionLoggerTest
Tests run: 2, Failures: 0, Errors: 0, Skipped: 0, Time elapsed: 0.27 sec - in edu.ncsu.csc.itrust.logger.TransactionLoggerTest
Running edu.ncsu.csc.itrust.unit.HtmlEncoderTest
Tests run: 2, Failures: 0, Errors: 0, Skipped: 0, Time elapsed: 0.003 sec - in edu.ncsu.csc.itrust.unit.HtmlEncoderTest
Running edu.ncsu.csc.itrust.unit.model.loinccode.LOINCCodeMySQLTest
Tests run: 7, Failures: 0, Errors: 0, Skipped: 0, Time elapsed: 0.854 sec - in edu.ncsu.csc.itrust.unit.model.loinccode.LOINCCodeMySQLTest
Running edu.ncsu.csc.itrust.unit.model.loinccode.LOINCCodeTest
Tests run: 2, Failures: 0, Errors: 0, Skipped: 0, Time elapsed: 0.006 sec - in edu.ncsu.csc.itrust.unit.model.loinccode.LOINCCodeTest
Running edu.ncsu.csc.itrust.unit.model.emergencyRecord.EmergencyRecordTest
Tests run: 10, Failures: 0, Errors: 0, Skipped: 0, Time elapsed: 0.026 sec - in edu.ncsu.csc.itrust.unit.model.emergencyRecord.EmergencyRecordTest
Running edu.ncsu.csc.itrust.unit.model.emergencyRecord.EmergencyRecordMySQLTest
Tests run: 5, Failures: 0, Errors: 0, Skipped: 0, Time elapsed: 0.567 sec - in edu.ncsu.csc.itrust.unit.model.emergencyRecord.EmergencyRecordMySQLTest
Running edu.ncsu.csc.itrust.unit.model.user.UserTest
Tests run: 6, Failures: 0, Errors: 0, Skipped: 0, Time elapsed: 0.007 sec - in edu.ncsu.csc.itrust.unit.model.user.UserTest
Running edu.ncsu.csc.itrust.unit.model.user.UserDataTest
Tests run: 2, Failures: 0, Errors: 0, Skipped: 0, Time elapsed: 0.092 sec - in edu.ncsu.csc.itrust.unit.model.user.UserDataTest
Running edu.ncsu.csc.itrust.unit.model.ndcode.NDCCodeTest
Tests run: 1, Failures: 0, Errors: 0, Skipped: 0, Time elapsed: 0.002 sec - in edu.ncsu.csc.itrust.unit.model.ndcode.NDCCodeTest
Running edu.ncsu.csc.itrust.unit.model.ndcode.NDCCodeMySQLTest
Tests run: 2, Failures: 0, Errors: 0, Skipped: 0, Time elapsed: 0.116 sec - in edu.ncsu.csc.itrust.unit.model.ndcode.NDCCodeMySQLTest
Running edu.ncsu.csc.itrust.unit.model.diagnosis.DiagnosisControllerTest
Tests run: 1, Failures: 0, Errors: 0, Skipped: 0, Time elapsed: 0.175 sec - in edu.ncsu.csc.itrust.unit.model.diagnosis.DiagnosisControllerTest
Running edu.ncsu.csc.itrust.unit.model.diagnosis.DiagnosisTest
Tests run: 1, Failures: 0, Errors: 0, Skipped: 0, Time elapsed: 0.002 sec - in edu.ncsu.csc.itrust.unit.model.diagnosis.DiagnosisTest
Running edu.ncsu.csc.itrust.unit.model.diagnosis.DiagnosisFormTest
Tests run: 1, Failures: 0, Errors: 0, Skipped: 0, Time elapsed: 0.138 sec - in edu.ncsu.csc.itrust.unit.model.diagnosis.DiagnosisFormTest
Running edu.ncsu.csc.itrust.unit.model.diagnosis.DiagnosisMySQLTest
Tests run: 8, Failures: 0, Errors: 0, Skipped: 0, Time elapsed: 0.763 sec - in edu.ncsu.csc.itrust.unit.model.diagnosis.DiagnosisMySQLTest
Running edu.ncsu.csc.itrust.unit.model.patient.PatientDataTest
Tests run: 2, Failures: 0, Errors: 0, Skipped: 0, Time elapsed: 0.048 sec - in edu.ncsu.csc.itrust.unit.model.patient.PatientDataTest
Running edu.ncsu.csc.itrust.unit.model.prescription.PrescriptionMySQLTest
Tests run: 9, Failures: 0, Errors: 0, Skipped: 0, Time elapsed: 0.887 sec - in edu.ncsu.csc.itrust.unit.model.prescription.PrescriptionMySQLTest
Running edu.ncsu.csc.itrust.unit.model.prescription.PrescriptionTest
Tests run: 1, Failures: 0, Errors: 0, Skipped: 0, Time elapsed: 0.001 sec - in edu.ncsu.csc.itrust.unit.model.prescription.PrescriptionTest
Running edu.ncsu.csc.itrust.unit.model.icdcode.ICDCodeTest
Tests run: 1, Failures: 0, Errors: 0, Skipped: 0, Time elapsed: 0.001 sec - in edu.ncsu.csc.itrust.unit.model.icdcode.ICDCodeTest
Running edu.ncsu.csc.itrust.unit.model.icdcode.ICDCodeMySQLTest
Tests run: 3, Failures: 0, Errors: 0, Skipped: 0, Time elapsed: 0.183 sec - in edu.ncsu.csc.itrust.unit.model.icdcode.ICDCodeMySQLTest
Running edu.ncsu.csc.itrust.unit.model.labProcedure.LabProcedureTest
Tests run: 25, Failures: 0, Errors: 0, Skipped: 0, Time elapsed: 0.025 sec - in edu.ncsu.csc.itrust.unit.model.labProcedure.LabProcedureTest
Running edu.ncsu.csc.itrust.unit.model.labProcedure.LabProcedureFormTest
Tests run: 19, Failures: 0, Errors: 0, Skipped: 0, Time elapsed: 1.537 sec - in edu.ncsu.csc.itrust.unit.model.labProcedure.LabProcedureFormTest
Running edu.ncsu.csc.itrust.unit.model.labProcedure.LabProcedureMySQLTest
Tests run: 9, Failures: 0, Errors: 0, Skipped: 0, Time elapsed: 1.411 sec - in edu.ncsu.csc.itrust.unit.model.labProcedure.LabProcedureMySQLTest
Running edu.ncsu.csc.itrust.unit.model.labProcedure.LabProcedureValidatorTest
Tests run: 13, Failures: 0, Errors: 0, Skipped: 0, Time elapsed: 0.024 sec - in edu.ncsu.csc.itrust.unit.model.labProcedure.LabProcedureValidatorTest
Running edu.ncsu.csc.itrust.unit.model.officeVisit.OfficeVisitValidatorTest
Tests run: 16, Failures: 0, Errors: 0, Skipped: 0, Time elapsed: 1.504 sec - in edu.ncsu.csc.itrust.unit.model.officeVisit.OfficeVisitValidatorTest
Running edu.ncsu.csc.itrust.unit.model.officeVisit.OfficeVisitSQLLoaderTest
Tests run: 4, Failures: 0, Errors: 0, Skipped: 0, Time elapsed: 0.113 sec - in edu.ncsu.csc.itrust.unit.model.officeVisit.OfficeVisitSQLLoaderTest
Running edu.ncsu.csc.itrust.unit.model.officeVisit.OfficeVisitTest
Tests run: 21, Failures: 0, Errors: 0, Skipped: 0, Time elapsed: 0.127 sec - in edu.ncsu.csc.itrust.unit.model.officeVisit.OfficeVisitTest
Running edu.ncsu.csc.itrust.unit.model.officeVisit.OfficeVisitMySQLTest
Tests run: 3, Failures: 0, Errors: 0, Skipped: 0, Time elapsed: 0.289 sec - in edu.ncsu.csc.itrust.unit.model.officeVisit.OfficeVisitMySQLTest
Running edu.ncsu.csc.itrust.unit.model.medicalProcedure.MedicalProcedureTest
Tests run: 1, Failures: 0, Errors: 0, Skipped: 0, Time elapsed: 0.001 sec - in edu.ncsu.csc.itrust.unit.model.medicalProcedure.MedicalProcedureTest
Running edu.ncsu.csc.itrust.unit.model.medicalProcedure.MedicalProcedureMySQLTest
Tests run: 1, Failures: 0, Errors: 0, Skipped: 0, Time elapsed: 0.097 sec - in edu.ncsu.csc.itrust.unit.model.medicalProcedure.MedicalProcedureMySQLTest
Running edu.ncsu.csc.itrust.unit.model.immunization.ImmunizationMySQLTest
Tests run: 6, Failures: 0, Errors: 0, Skipped: 0, Time elapsed: 0.547 sec - in edu.ncsu.csc.itrust.unit.model.immunization.ImmunizationMySQLTest
Running edu.ncsu.csc.itrust.unit.model.immunization.ImmunizationValidatorTest
Tests run: 3, Failures: 0, Errors: 0, Skipped: 0, Time elapsed: 0.02 sec - in edu.ncsu.csc.itrust.unit.model.immunization.ImmunizationValidatorTest
Running edu.ncsu.csc.itrust.unit.model.immunization.ImmunizationTest
Tests run: 3, Failures: 0, Errors: 0, Skipped: 0, Time elapsed: 0.002 sec - in edu.ncsu.csc.itrust.unit.model.immunization.ImmunizationTest
Running edu.ncsu.csc.itrust.unit.model.cptcode.CPTCodeTest
Tests run: 2, Failures: 0, Errors: 0, Skipped: 0, Time elapsed: 0.002 sec - in edu.ncsu.csc.itrust.unit.model.cptcode.CPTCodeTest
Running edu.ncsu.csc.itrust.unit.model.cptcode.CPTCodeMySQLTest
Tests run: 3, Failures: 0, Errors: 0, Skipped: 0, Time elapsed: 0.165 sec - in edu.ncsu.csc.itrust.unit.model.cptcode.CPTCodeMySQLTest
Running edu.ncsu.csc.itrust.unit.model.cptcode.CPTCodeValidatorTest
Tests run: 3, Failures: 0, Errors: 0, Skipped: 0, Time elapsed: 0 sec - in edu.ncsu.csc.itrust.unit.model.cptcode.CPTCodeValidatorTest
Running edu.ncsu.csc.itrust.unit.ErrorListTest
Tests run: 1, Failures: 0, Errors: 0, Skipped: 0, Time elapsed: 0 sec - in edu.ncsu.csc.itrust.unit.ErrorListTest
Running edu.ncsu.csc.itrust.unit.BeanBuilderTest
Tests run: 6, Failures: 0, Errors: 0, Skipped: 0, Time elapsed: 0.033 sec - in edu.ncsu.csc.itrust.unit.BeanBuilderTest
Running edu.ncsu.csc.itrust.unit.LocalizationTest
Tests run: 1, Failures: 0, Errors: 0, Skipped: 0, Time elapsed: 0.001 sec - in edu.ncsu.csc.itrust.unit.LocalizationTest
Running edu.ncsu.csc.itrust.unit.EmailUtilTest
Tests run: 1, Failures: 0, Errors: 0, Skipped: 0, Time elapsed: 0.001 sec - in edu.ncsu.csc.itrust.unit.EmailUtilTest
Running edu.ncsu.csc.itrust.unit.action.ChangePasswordActionTest
Tests run: 1, Failures: 0, Errors: 1, Skipped: 0, Time elapsed: 0.208 sec <<< FAILURE! - in edu.ncsu.csc.itrust.unit.action.ChangePasswordActionTest
testChangePassword(edu.ncsu.csc.itrust.unit.action.ChangePasswordActionTest)  Time elapsed: 0.207 sec  <<< ERROR!
java.lang.NullPointerException
	at edu.ncsu.csc.itrust.unit.action.ChangePasswordActionTest.testChangePassword(ChangePasswordActionTest.java:24)

Running edu.ncsu.csc.itrust.unit.action.DrugInteractionActionTest
Tests run: 7, Failures: 0, Errors: 0, Skipped: 0, Time elapsed: 0.566 sec - in edu.ncsu.csc.itrust.unit.action.DrugInteractionActionTest
Running edu.ncsu.csc.itrust.unit.action.AddApptRequestActionTest
Tests run: 2, Failures: 0, Errors: 1, Skipped: 0, Time elapsed: 0.375 sec <<< FAILURE! - in edu.ncsu.csc.itrust.unit.action.AddApptRequestActionTest
testAddApptRequest(edu.ncsu.csc.itrust.unit.action.AddApptRequestActionTest)  Time elapsed: 0.189 sec  <<< ERROR!
java.lang.NullPointerException
	at edu.ncsu.csc.itrust.unit.action.AddApptRequestActionTest.testAddApptRequest(AddApptRequestActionTest.java:54)

Running edu.ncsu.csc.itrust.unit.action.EditPatientActionTest
Tests run: 11, Failures: 0, Errors: 3, Skipped: 0, Time elapsed: 0.728 sec <<< FAILURE! - in edu.ncsu.csc.itrust.unit.action.EditPatientActionTest
testEditRepresentatives(edu.ncsu.csc.itrust.unit.action.EditPatientActionTest)  Time elapsed: 0.07 sec  <<< ERROR!
java.lang.NullPointerException
	at edu.ncsu.csc.itrust.unit.action.EditPatientActionTest.testEditRepresentatives(EditPatientActionTest.java:48)

testSetDependent(edu.ncsu.csc.itrust.unit.action.EditPatientActionTest)  Time elapsed: 0.067 sec  <<< ERROR!
java.lang.NullPointerException
	at edu.ncsu.csc.itrust.unit.action.EditPatientActionTest.testSetDependent(EditPatientActionTest.java:157)

testEditCOD(edu.ncsu.csc.itrust.unit.action.EditPatientActionTest)  Time elapsed: 0.073 sec  <<< ERROR!
java.lang.NullPointerException
	at edu.ncsu.csc.itrust.unit.action.EditPatientActionTest.testEditCOD(EditPatientActionTest.java:66)

Running edu.ncsu.csc.itrust.unit.action.UpdateHospitalListActionTest
Tests run: 9, Failures: 0, Errors: 6, Skipped: 0, Time elapsed: 0.536 sec <<< FAILURE! - in edu.ncsu.csc.itrust.unit.action.UpdateHospitalListActionTest
testAddHospital(edu.ncsu.csc.itrust.unit.action.UpdateHospitalListActionTest)  Time elapsed: 0.06 sec  <<< ERROR!
java.lang.NullPointerException
	at edu.ncsu.csc.itrust.unit.action.UpdateHospitalListActionTest.testAddHospital(UpdateHospitalListActionTest.java:80)

testUpdateAddress(edu.ncsu.csc.itrust.unit.action.UpdateHospitalListActionTest)  Time elapsed: 0.059 sec  <<< ERROR!
java.lang.NullPointerException
	at edu.ncsu.csc.itrust.unit.action.UpdateHospitalListActionTest.addEmpty(UpdateHospitalListActionTest.java:66)
	at edu.ncsu.csc.itrust.unit.action.UpdateHospitalListActionTest.testUpdateAddress(UpdateHospitalListActionTest.java:169)

testUpdateICDInformation0(edu.ncsu.csc.itrust.unit.action.UpdateHospitalListActionTest)  Time elapsed: 0.057 sec  <<< ERROR!
java.lang.NullPointerException
	at edu.ncsu.csc.itrust.unit.action.UpdateHospitalListActionTest.addEmpty(UpdateHospitalListActionTest.java:66)
	at edu.ncsu.csc.itrust.unit.action.UpdateHospitalListActionTest.testUpdateICDInformation0(UpdateHospitalListActionTest.java:124)

testAddAddress(edu.ncsu.csc.itrust.unit.action.UpdateHospitalListActionTest)  Time elapsed: 0.058 sec  <<< ERROR!
java.lang.NullPointerException
	at edu.ncsu.csc.itrust.unit.action.UpdateHospitalListActionTest.testAddAddress(UpdateHospitalListActionTest.java:152)

testAddHospital2(edu.ncsu.csc.itrust.unit.action.UpdateHospitalListActionTest)  Time elapsed: 0.062 sec  <<< ERROR!
java.lang.NullPointerException
	at edu.ncsu.csc.itrust.unit.action.UpdateHospitalListActionTest.testAddHospital2(UpdateHospitalListActionTest.java:94)

testAddDuplicate(edu.ncsu.csc.itrust.unit.action.UpdateHospitalListActionTest)  Time elapsed: 0.06 sec  <<< ERROR!
java.lang.NullPointerException
	at edu.ncsu.csc.itrust.unit.action.UpdateHospitalListActionTest.testAddDuplicate(UpdateHospitalListActionTest.java:108)

Running edu.ncsu.csc.itrust.unit.action.GenerateCalendarActionTest
Tests run: 3, Failures: 0, Errors: 3, Skipped: 0, Time elapsed: 0.526 sec <<< FAILURE! - in edu.ncsu.csc.itrust.unit.action.GenerateCalendarActionTest
testGetSend(edu.ncsu.csc.itrust.unit.action.GenerateCalendarActionTest)  Time elapsed: 0.177 sec  <<< ERROR!
java.lang.NullPointerException
	at edu.ncsu.csc.itrust.unit.action.GenerateCalendarActionTest.setUp(GenerateCalendarActionTest.java:37)

testGetApptsTable(edu.ncsu.csc.itrust.unit.action.GenerateCalendarActionTest)  Time elapsed: 0.175 sec  <<< ERROR!
java.lang.NullPointerException
	at edu.ncsu.csc.itrust.unit.action.GenerateCalendarActionTest.setUp(GenerateCalendarActionTest.java:37)

testGetConflicts(edu.ncsu.csc.itrust.unit.action.GenerateCalendarActionTest)  Time elapsed: 0.169 sec  <<< ERROR!
java.lang.NullPointerException
	at edu.ncsu.csc.itrust.unit.action.GenerateCalendarActionTest.setUp(GenerateCalendarActionTest.java:37)

Running edu.ncsu.csc.itrust.unit.action.UpdateReasonCodeListActionTest
Tests run: 5, Failures: 0, Errors: 0, Skipped: 0, Time elapsed: 0.299 sec - in edu.ncsu.csc.itrust.unit.action.UpdateReasonCodeListActionTest
Running edu.ncsu.csc.itrust.unit.action.AddRemoteMonitoringDataActionTest
Tests run: 15, Failures: 0, Errors: 0, Skipped: 0, Time elapsed: 1.096 sec - in edu.ncsu.csc.itrust.unit.action.AddRemoteMonitoringDataActionTest
Running edu.ncsu.csc.itrust.unit.action.DeclareHCPActionTest
Tests run: 6, Failures: 0, Errors: 0, Skipped: 0, Time elapsed: 0.379 sec - in edu.ncsu.csc.itrust.unit.action.DeclareHCPActionTest
Running edu.ncsu.csc.itrust.unit.action.EditPersonnelActionTest
Tests run: 6, Failures: 0, Errors: 1, Skipped: 0, Time elapsed: 0.57 sec <<< FAILURE! - in edu.ncsu.csc.itrust.unit.action.EditPersonnelActionTest
testUpdateInformation(edu.ncsu.csc.itrust.unit.action.EditPersonnelActionTest)  Time elapsed: 0.06 sec  <<< ERROR!
java.lang.NullPointerException
	at edu.ncsu.csc.itrust.unit.action.EditPersonnelActionTest.testUpdateInformation(EditPersonnelActionTest.java:73)

Running edu.ncsu.csc.itrust.unit.action.AddUAPActionTest
Tests run: 1, Failures: 0, Errors: 1, Skipped: 0, Time elapsed: 0.064 sec <<< FAILURE! - in edu.ncsu.csc.itrust.unit.action.AddUAPActionTest
testAddUAP(edu.ncsu.csc.itrust.unit.action.AddUAPActionTest)  Time elapsed: 0.063 sec  <<< ERROR!
java.lang.NullPointerException
	at edu.ncsu.csc.itrust.unit.action.AddUAPActionTest.testAddUAP(AddUAPActionTest.java:40)

Running edu.ncsu.csc.itrust.unit.action.ViewClaimsActionTest
edu.ncsu.csc.itrust.exception.DBException: A database exception has occurred. Please see the log in the console for stacktrace
	at edu.ncsu.csc.itrust.model.old.dao.mysql.BillingDAO.getInsuranceBills(BillingDAO.java:171)
	at edu.ncsu.csc.itrust.action.ViewClaimsAction.getClaims(ViewClaimsAction.java:39)
	at edu.ncsu.csc.itrust.unit.action.ViewClaimsActionTest.testEvilAction(ViewClaimsActionTest.java:110)
	at sun.reflect.NativeMethodAccessorImpl.invoke0(Native Method)
	at sun.reflect.NativeMethodAccessorImpl.invoke(NativeMethodAccessorImpl.java:62)
	at sun.reflect.DelegatingMethodAccessorImpl.invoke(DelegatingMethodAccessorImpl.java:43)
	at java.lang.reflect.Method.invoke(Method.java:498)
	at junit.framework.TestCase.runTest(TestCase.java:176)
	at junit.framework.TestCase.runBare(TestCase.java:141)
	at junit.framework.TestResult$1.protect(TestResult.java:122)
	at junit.framework.TestResult.runProtected(TestResult.java:142)
	at junit.framework.TestResult.run(TestResult.java:125)
	at junit.framework.TestCase.run(TestCase.java:129)
	at junit.framework.TestSuite.runTest(TestSuite.java:252)
	at junit.framework.TestSuite.run(TestSuite.java:247)
	at org.junit.internal.runners.JUnit38ClassRunner.run(JUnit38ClassRunner.java:86)
	at org.apache.maven.surefire.junit4.JUnit4Provider.execute(JUnit4Provider.java:344)
	at org.apache.maven.surefire.junit4.JUnit4Provider.executeWithRerun(JUnit4Provider.java:269)
	at org.apache.maven.surefire.junit4.JUnit4Provider.executeTestSet(JUnit4Provider.java:240)
	at org.apache.maven.surefire.junit4.JUnit4Provider.invoke(JUnit4Provider.java:184)
	at org.apache.maven.surefire.booter.ForkedBooter.invokeProviderInSameClassLoader(ForkedBooter.java:286)
	at org.apache.maven.surefire.booter.ForkedBooter.runSuitesInProcess(ForkedBooter.java:240)
	at org.apache.maven.surefire.booter.ForkedBooter.main(ForkedBooter.java:121)
edu.ncsu.csc.itrust.exception.DBException: A database exception has occurred. Please see the log in the console for stacktrace
	at edu.ncsu.csc.itrust.model.old.dao.mysql.PatientDAO.getName(PatientDAO.java:75)
	at edu.ncsu.csc.itrust.action.ViewClaimsAction.getSubmitter(ViewClaimsAction.java:54)
	at edu.ncsu.csc.itrust.unit.action.ViewClaimsActionTest.testEvilAction(ViewClaimsActionTest.java:111)
	at sun.reflect.NativeMethodAccessorImpl.invoke0(Native Method)
	at sun.reflect.NativeMethodAccessorImpl.invoke(NativeMethodAccessorImpl.java:62)
	at sun.reflect.DelegatingMethodAccessorImpl.invoke(DelegatingMethodAccessorImpl.java:43)
	at java.lang.reflect.Method.invoke(Method.java:498)
	at junit.framework.TestCase.runTest(TestCase.java:176)
	at junit.framework.TestCase.runBare(TestCase.java:141)
	at junit.framework.TestResult$1.protect(TestResult.java:122)
	at junit.framework.TestResult.runProtected(TestResult.java:142)
	at junit.framework.TestResult.run(TestResult.java:125)
	at junit.framework.TestCase.run(TestCase.java:129)
	at junit.framework.TestSuite.runTest(TestSuite.java:252)
	at junit.framework.TestSuite.run(TestSuite.java:247)
	at org.junit.internal.runners.JUnit38ClassRunner.run(JUnit38ClassRunner.java:86)
	at org.apache.maven.surefire.junit4.JUnit4Provider.execute(JUnit4Provider.java:344)
	at org.apache.maven.surefire.junit4.JUnit4Provider.executeWithRerun(JUnit4Provider.java:269)
	at org.apache.maven.surefire.junit4.JUnit4Provider.executeTestSet(JUnit4Provider.java:240)
	at org.apache.maven.surefire.junit4.JUnit4Provider.invoke(JUnit4Provider.java:184)
	at org.apache.maven.surefire.booter.ForkedBooter.invokeProviderInSameClassLoader(ForkedBooter.java:286)
	at org.apache.maven.surefire.booter.ForkedBooter.runSuitesInProcess(ForkedBooter.java:240)
	at org.apache.maven.surefire.booter.ForkedBooter.main(ForkedBooter.java:121)
Tests run: 4, Failures: 0, Errors: 0, Skipped: 0, Time elapsed: 0.707 sec - in edu.ncsu.csc.itrust.unit.action.ViewClaimsActionTest
Running edu.ncsu.csc.itrust.unit.action.GroupReportActionTest
Tests run: 3, Failures: 0, Errors: 3, Skipped: 0, Time elapsed: 0.504 sec <<< FAILURE! - in edu.ncsu.csc.itrust.unit.action.GroupReportActionTest
testGetComprehensiveMedicalInfo(edu.ncsu.csc.itrust.unit.action.GroupReportActionTest)  Time elapsed: 0.168 sec  <<< ERROR!
java.lang.NullPointerException
	at edu.ncsu.csc.itrust.unit.action.GroupReportActionTest.setUp(GroupReportActionTest.java:29)

testGenerateReport(edu.ncsu.csc.itrust.unit.action.GroupReportActionTest)  Time elapsed: 0.172 sec  <<< ERROR!
java.lang.NullPointerException
	at edu.ncsu.csc.itrust.unit.action.GroupReportActionTest.setUp(GroupReportActionTest.java:29)

testGetComprehensiveDemographicInfo(edu.ncsu.csc.itrust.unit.action.GroupReportActionTest)  Time elapsed: 0.162 sec  <<< ERROR!
java.lang.NullPointerException
	at edu.ncsu.csc.itrust.unit.action.GroupReportActionTest.setUp(GroupReportActionTest.java:29)

Running edu.ncsu.csc.itrust.unit.action.GetUserNameActionTest
Tests run: 2, Failures: 0, Errors: 0, Skipped: 0, Time elapsed: 0.12 sec - in edu.ncsu.csc.itrust.unit.action.GetUserNameActionTest
Running edu.ncsu.csc.itrust.unit.action.ViewApptRequestsActionTest
Tests run: 3, Failures: 0, Errors: 3, Skipped: 0, Time elapsed: 0.502 sec <<< FAILURE! - in edu.ncsu.csc.itrust.unit.action.ViewApptRequestsActionTest
testRejectApptRequest(edu.ncsu.csc.itrust.unit.action.ViewApptRequestsActionTest)  Time elapsed: 0.172 sec  <<< ERROR!
java.lang.NullPointerException
	at edu.ncsu.csc.itrust.unit.action.ViewApptRequestsActionTest.setUp(ViewApptRequestsActionTest.java:24)

testAcceptApptRequest(edu.ncsu.csc.itrust.unit.action.ViewApptRequestsActionTest)  Time elapsed: 0.165 sec  <<< ERROR!
java.lang.NullPointerException
	at edu.ncsu.csc.itrust.unit.action.ViewApptRequestsActionTest.setUp(ViewApptRequestsActionTest.java:24)

testGetApptRequests(edu.ncsu.csc.itrust.unit.action.ViewApptRequestsActionTest)  Time elapsed: 0.165 sec  <<< ERROR!
java.lang.NullPointerException
	at edu.ncsu.csc.itrust.unit.action.ViewApptRequestsActionTest.setUp(ViewApptRequestsActionTest.java:24)

Running edu.ncsu.csc.itrust.unit.action.ViewHelperActionTest
Tests run: 1, Failures: 0, Errors: 0, Skipped: 0, Time elapsed: 0.001 sec - in edu.ncsu.csc.itrust.unit.action.ViewHelperActionTest
Running edu.ncsu.csc.itrust.unit.action.LoginFailureActionTest
Denying access due to DBException
Tests run: 6, Failures: 0, Errors: 0, Skipped: 0, Time elapsed: 0.376 sec - in edu.ncsu.csc.itrust.unit.action.LoginFailureActionTest
Running edu.ncsu.csc.itrust.unit.action.AddPatientActionTest
Tests run: 1, Failures: 0, Errors: 1, Skipped: 0, Time elapsed: 0.008 sec <<< FAILURE! - in edu.ncsu.csc.itrust.unit.action.AddPatientActionTest
testAddPatient(edu.ncsu.csc.itrust.unit.action.AddPatientActionTest)  Time elapsed: 0.007 sec  <<< ERROR!
java.lang.NullPointerException
	at edu.ncsu.csc.itrust.unit.action.AddPatientActionTest.testAddPatient(AddPatientActionTest.java:45)

Running edu.ncsu.csc.itrust.unit.action.PatientRoomAssignmentActionTest
Tests run: 1, Failures: 0, Errors: 0, Skipped: 0, Time elapsed: 0.163 sec - in edu.ncsu.csc.itrust.unit.action.PatientRoomAssignmentActionTest
Running edu.ncsu.csc.itrust.unit.action.AddApptActionTest
Tests run: 6, Failures: 0, Errors: 3, Skipped: 0, Time elapsed: 1.1 sec <<< FAILURE! - in edu.ncsu.csc.itrust.unit.action.AddApptActionTest
testAddAppt(edu.ncsu.csc.itrust.unit.action.AddApptActionTest)  Time elapsed: 0.162 sec  <<< ERROR!
java.lang.NullPointerException
	at edu.ncsu.csc.itrust.unit.action.AddApptActionTest.testAddAppt(AddApptActionTest.java:45)

testAddConflicts(edu.ncsu.csc.itrust.unit.action.AddApptActionTest)  Time elapsed: 0.219 sec  <<< ERROR!
java.lang.NullPointerException
	at edu.ncsu.csc.itrust.unit.action.AddApptActionTest.testAddConflicts(AddApptActionTest.java:88)

testGetConflicts(edu.ncsu.csc.itrust.unit.action.AddApptActionTest)  Time elapsed: 0.221 sec  <<< ERROR!
java.lang.NullPointerException
	at edu.ncsu.csc.itrust.unit.action.AddApptActionTest.testGetConflicts(AddApptActionTest.java:115)

Running edu.ncsu.csc.itrust.unit.action.AddERespActionTest
Tests run: 1, Failures: 0, Errors: 1, Skipped: 0, Time elapsed: 0.233 sec <<< FAILURE! - in edu.ncsu.csc.itrust.unit.action.AddERespActionTest
testAddER(edu.ncsu.csc.itrust.unit.action.AddERespActionTest)  Time elapsed: 0.233 sec  <<< ERROR!
java.lang.NullPointerException
	at edu.ncsu.csc.itrust.unit.action.AddERespActionTest.testAddER(AddERespActionTest.java:44)

Running edu.ncsu.csc.itrust.unit.action.AddPatientFileActionTest
First name: Up to 20 Letters, space, ' and -
Email: Up to 30 alphanumeric characters and symbols . and _ @
Tests run: 5, Failures: 0, Errors: 0, Skipped: 0, Time elapsed: 0.042 sec - in edu.ncsu.csc.itrust.unit.action.AddPatientFileActionTest
Running edu.ncsu.csc.itrust.unit.action.EditApptTypeTest
Tests run: 7, Failures: 0, Errors: 7, Skipped: 0, Time elapsed: 1.138 sec <<< FAILURE! - in edu.ncsu.csc.itrust.unit.action.EditApptTypeTest
testAddApptType2(edu.ncsu.csc.itrust.unit.action.EditApptTypeTest)  Time elapsed: 0.163 sec  <<< ERROR!
java.lang.NullPointerException
	at edu.ncsu.csc.itrust.unit.action.EditApptTypeTest.setUp(EditApptTypeTest.java:27)

testGetApptTypes(edu.ncsu.csc.itrust.unit.action.EditApptTypeTest)  Time elapsed: 0.164 sec  <<< ERROR!
java.lang.NullPointerException
	at edu.ncsu.csc.itrust.unit.action.EditApptTypeTest.setUp(EditApptTypeTest.java:27)

testEditNonExistentApptType(edu.ncsu.csc.itrust.unit.action.EditApptTypeTest)  Time elapsed: 0.162 sec  <<< ERROR!
java.lang.NullPointerException
	at edu.ncsu.csc.itrust.unit.action.EditApptTypeTest.setUp(EditApptTypeTest.java:27)

testAddApptType(edu.ncsu.csc.itrust.unit.action.EditApptTypeTest)  Time elapsed: 0.162 sec  <<< ERROR!
java.lang.NullPointerException
	at edu.ncsu.csc.itrust.unit.action.EditApptTypeTest.setUp(EditApptTypeTest.java:27)

testAddApptTypeLengthZero(edu.ncsu.csc.itrust.unit.action.EditApptTypeTest)  Time elapsed: 0.161 sec  <<< ERROR!
java.lang.NullPointerException
	at edu.ncsu.csc.itrust.unit.action.EditApptTypeTest.setUp(EditApptTypeTest.java:27)

testEditApptType(edu.ncsu.csc.itrust.unit.action.EditApptTypeTest)  Time elapsed: 0.16 sec  <<< ERROR!
java.lang.NullPointerException
	at edu.ncsu.csc.itrust.unit.action.EditApptTypeTest.setUp(EditApptTypeTest.java:27)

testEditApptType2(edu.ncsu.csc.itrust.unit.action.EditApptTypeTest)  Time elapsed: 0.159 sec  <<< ERROR!
java.lang.NullPointerException
	at edu.ncsu.csc.itrust.unit.action.EditApptTypeTest.setUp(EditApptTypeTest.java:27)

Running edu.ncsu.csc.itrust.unit.action.ViewMyApptsActionTest
Tests run: 3, Failures: 0, Errors: 3, Skipped: 0, Time elapsed: 0.492 sec <<< FAILURE! - in edu.ncsu.csc.itrust.unit.action.ViewMyApptsActionTest
testGetName2(edu.ncsu.csc.itrust.unit.action.ViewMyApptsActionTest)  Time elapsed: 0.167 sec  <<< ERROR!
java.lang.NullPointerException
	at edu.ncsu.csc.itrust.unit.action.ViewMyApptsActionTest.setUp(ViewMyApptsActionTest.java:26)

testGetMyAppointments(edu.ncsu.csc.itrust.unit.action.ViewMyApptsActionTest)  Time elapsed: 0.158 sec  <<< ERROR!
java.lang.NullPointerException
	at edu.ncsu.csc.itrust.unit.action.ViewMyApptsActionTest.setUp(ViewMyApptsActionTest.java:26)

testGetName(edu.ncsu.csc.itrust.unit.action.ViewMyApptsActionTest)  Time elapsed: 0.166 sec  <<< ERROR!
java.lang.NullPointerException
	at edu.ncsu.csc.itrust.unit.action.ViewMyApptsActionTest.setUp(ViewMyApptsActionTest.java:26)

Running edu.ncsu.csc.itrust.unit.action.EditMonitoringListActionTest
Tests run: 2, Failures: 0, Errors: 0, Skipped: 0, Time elapsed: 0.12 sec - in edu.ncsu.csc.itrust.unit.action.EditMonitoringListActionTest
Running edu.ncsu.csc.itrust.unit.action.PayBillActionTest
Tests run: 2, Failures: 0, Errors: 2, Skipped: 0, Time elapsed: 0.678 sec <<< FAILURE! - in edu.ncsu.csc.itrust.unit.action.PayBillActionTest
testPayBillWithCC(edu.ncsu.csc.itrust.unit.action.PayBillActionTest)  Time elapsed: 0.493 sec  <<< ERROR!
java.lang.NullPointerException
	at edu.ncsu.csc.itrust.unit.action.PayBillActionTest.setUp(PayBillActionTest.java:26)

testPayBillWithIns(edu.ncsu.csc.itrust.unit.action.PayBillActionTest)  Time elapsed: 0.182 sec  <<< ERROR!
java.lang.NullPointerException
	at edu.ncsu.csc.itrust.unit.action.PayBillActionTest.setUp(PayBillActionTest.java:26)

Running edu.ncsu.csc.itrust.unit.action.ViewPersonnelActionTest
Tests run: 3, Failures: 0, Errors: 2, Skipped: 0, Time elapsed: 0.203 sec <<< FAILURE! - in edu.ncsu.csc.itrust.unit.action.ViewPersonnelActionTest
testNotANumber(edu.ncsu.csc.itrust.unit.action.ViewPersonnelActionTest)  Time elapsed: 0.064 sec  <<< ERROR!
java.lang.ExceptionInInitializerError
	at edu.ncsu.csc.itrust.unit.action.ViewPersonnelActionTest.testNotANumber(ViewPersonnelActionTest.java:44)
Caused by: java.util.MissingResourceException: Can't find bundle for base name ThisIsANotSoRandomString, locale en_US
	at edu.ncsu.csc.itrust.unit.action.ViewPersonnelActionTest.testNotANumber(ViewPersonnelActionTest.java:44)

testNoPersonnel(edu.ncsu.csc.itrust.unit.action.ViewPersonnelActionTest)  Time elapsed: 0.059 sec  <<< ERROR!
java.lang.NoClassDefFoundError: Could not initialize class edu.ncsu.csc.itrust.Messages
	at edu.ncsu.csc.itrust.unit.action.ViewPersonnelActionTest.testNoPersonnel(ViewPersonnelActionTest.java:34)

Running edu.ncsu.csc.itrust.unit.action.ViewNumberOfPendingAppointmentsActionTest
Tests run: 1, Failures: 0, Errors: 1, Skipped: 0, Time elapsed: 0.157 sec <<< FAILURE! - in edu.ncsu.csc.itrust.unit.action.ViewNumberOfPendingAppointmentsActionTest
testGetNumRequest(edu.ncsu.csc.itrust.unit.action.ViewNumberOfPendingAppointmentsActionTest)  Time elapsed: 0.157 sec  <<< ERROR!
java.lang.NullPointerException
	at edu.ncsu.csc.itrust.unit.action.ViewNumberOfPendingAppointmentsActionTest.setUp(ViewNumberOfPendingAppointmentsActionTest.java:30)

Running edu.ncsu.csc.itrust.unit.action.ViewMyMessagesActionTest
Tests run: 16, Failures: 0, Errors: 16, Skipped: 0, Time elapsed: 2.649 sec <<< FAILURE! - in edu.ncsu.csc.itrust.unit.action.ViewMyMessagesActionTest
testAddMessage(edu.ncsu.csc.itrust.unit.action.ViewMyMessagesActionTest)  Time elapsed: 0.178 sec  <<< ERROR!
java.lang.NullPointerException
	at edu.ncsu.csc.itrust.unit.action.ViewMyMessagesActionTest.setUp(ViewMyMessagesActionTest.java:42)

testFilterMessages(edu.ncsu.csc.itrust.unit.action.ViewMyMessagesActionTest)  Time elapsed: 0.169 sec  <<< ERROR!
java.lang.NullPointerException
	at edu.ncsu.csc.itrust.unit.action.ViewMyMessagesActionTest.setUp(ViewMyMessagesActionTest.java:42)

testGetAllMySentMessages(edu.ncsu.csc.itrust.unit.action.ViewMyMessagesActionTest)  Time elapsed: 0.171 sec  <<< ERROR!
java.lang.NullPointerException
	at edu.ncsu.csc.itrust.unit.action.ViewMyMessagesActionTest.setUp(ViewMyMessagesActionTest.java:42)

testGetPatientName(edu.ncsu.csc.itrust.unit.action.ViewMyMessagesActionTest)  Time elapsed: 0.165 sec  <<< ERROR!
java.lang.NullPointerException
	at edu.ncsu.csc.itrust.unit.action.ViewMyMessagesActionTest.setUp(ViewMyMessagesActionTest.java:42)

testGetAllMyMessagesFromTimeAscending(edu.ncsu.csc.itrust.unit.action.ViewMyMessagesActionTest)  Time elapsed: 0.169 sec  <<< ERROR!
java.lang.NullPointerException
	at edu.ncsu.csc.itrust.unit.action.ViewMyMessagesActionTest.setUp(ViewMyMessagesActionTest.java:42)

testGetAllMyMessagesFromNameDescending(edu.ncsu.csc.itrust.unit.action.ViewMyMessagesActionTest)  Time elapsed: 0.164 sec  <<< ERROR!
java.lang.NullPointerException
	at edu.ncsu.csc.itrust.unit.action.ViewMyMessagesActionTest.setUp(ViewMyMessagesActionTest.java:42)

testUpdateRead(edu.ncsu.csc.itrust.unit.action.ViewMyMessagesActionTest)  Time elapsed: 0.165 sec  <<< ERROR!
java.lang.NullPointerException
	at edu.ncsu.csc.itrust.unit.action.ViewMyMessagesActionTest.setUp(ViewMyMessagesActionTest.java:42)

testGetCCdMessages(edu.ncsu.csc.itrust.unit.action.ViewMyMessagesActionTest)  Time elapsed: 0.165 sec  <<< ERROR!
java.lang.NullPointerException
	at edu.ncsu.csc.itrust.unit.action.ViewMyMessagesActionTest.setUp(ViewMyMessagesActionTest.java:42)

testGetAllMyMessagesFromNameAscending(edu.ncsu.csc.itrust.unit.action.ViewMyMessagesActionTest)  Time elapsed: 0.167 sec  <<< ERROR!
java.lang.NullPointerException
	at edu.ncsu.csc.itrust.unit.action.ViewMyMessagesActionTest.setUp(ViewMyMessagesActionTest.java:42)

testThrowsExceptions(edu.ncsu.csc.itrust.unit.action.ViewMyMessagesActionTest)  Time elapsed: 0.16 sec  <<< ERROR!
java.lang.NullPointerException
	at edu.ncsu.csc.itrust.unit.action.ViewMyMessagesActionTest.setUp(ViewMyMessagesActionTest.java:42)

testGetAllMyMessagesTimeAscending(edu.ncsu.csc.itrust.unit.action.ViewMyMessagesActionTest)  Time elapsed: 0.161 sec  <<< ERROR!
java.lang.NullPointerException
	at edu.ncsu.csc.itrust.unit.action.ViewMyMessagesActionTest.setUp(ViewMyMessagesActionTest.java:42)

testGetAllMyMessagesNameDescending(edu.ncsu.csc.itrust.unit.action.ViewMyMessagesActionTest)  Time elapsed: 0.16 sec  <<< ERROR!
java.lang.NullPointerException
	at edu.ncsu.csc.itrust.unit.action.ViewMyMessagesActionTest.setUp(ViewMyMessagesActionTest.java:42)

testGetAllMyMessagesNameAscending(edu.ncsu.csc.itrust.unit.action.ViewMyMessagesActionTest)  Time elapsed: 0.164 sec  <<< ERROR!
java.lang.NullPointerException
	at edu.ncsu.csc.itrust.unit.action.ViewMyMessagesActionTest.setUp(ViewMyMessagesActionTest.java:42)

testGetPersonnelName(edu.ncsu.csc.itrust.unit.action.ViewMyMessagesActionTest)  Time elapsed: 0.163 sec  <<< ERROR!
java.lang.NullPointerException
	at edu.ncsu.csc.itrust.unit.action.ViewMyMessagesActionTest.setUp(ViewMyMessagesActionTest.java:42)

testGetUnreadCount(edu.ncsu.csc.itrust.unit.action.ViewMyMessagesActionTest)  Time elapsed: 0.164 sec  <<< ERROR!
java.lang.NullPointerException
	at edu.ncsu.csc.itrust.unit.action.ViewMyMessagesActionTest.setUp(ViewMyMessagesActionTest.java:42)

testGetAllMyMessages(edu.ncsu.csc.itrust.unit.action.ViewMyMessagesActionTest)  Time elapsed: 0.162 sec  <<< ERROR!
java.lang.NullPointerException
	at edu.ncsu.csc.itrust.unit.action.ViewMyMessagesActionTest.setUp(ViewMyMessagesActionTest.java:42)

Running edu.ncsu.csc.itrust.unit.action.AddLTActionTest
Tests run: 1, Failures: 0, Errors: 0, Skipped: 0, Time elapsed: 0.278 sec - in edu.ncsu.csc.itrust.unit.action.AddLTActionTest
Running edu.ncsu.csc.itrust.unit.action.EventLoggingActionTest
Tests run: 1, Failures: 0, Errors: 0, Skipped: 0, Time elapsed: 0.068 sec - in edu.ncsu.csc.itrust.unit.action.EventLoggingActionTest
Running edu.ncsu.csc.itrust.unit.action.ZipCodeActionTest
Begin testGetExperts
Tests run: 1, Failures: 0, Errors: 1, Skipped: 0, Time elapsed: 0.17 sec <<< FAILURE! - in edu.ncsu.csc.itrust.unit.action.ZipCodeActionTest
testGetExperts(edu.ncsu.csc.itrust.unit.action.ZipCodeActionTest)  Time elapsed: 0.168 sec  <<< ERROR!
java.lang.NullPointerException
	at edu.ncsu.csc.itrust.unit.action.ZipCodeActionTest.testGetExperts(ZipCodeActionTest.java:30)

Running edu.ncsu.csc.itrust.unit.action.UpdateNDCodeListActionTest
Tests run: 7, Failures: 0, Errors: 0, Skipped: 0, Time elapsed: 0.431 sec - in edu.ncsu.csc.itrust.unit.action.UpdateNDCodeListActionTest
Running edu.ncsu.csc.itrust.unit.action.SetSecurityQuestionTest
Tests run: 4, Failures: 0, Errors: 0, Skipped: 0, Time elapsed: 0.243 sec - in edu.ncsu.csc.itrust.unit.action.SetSecurityQuestionTest
Running edu.ncsu.csc.itrust.unit.action.ManageHospitalAssignmentsActionTest
Tests run: 20, Failures: 0, Errors: 4, Skipped: 0, Time elapsed: 1.22 sec <<< FAILURE! - in edu.ncsu.csc.itrust.unit.action.ManageHospitalAssignmentsActionTest
testAssignHCPToHospital(edu.ncsu.csc.itrust.unit.action.ManageHospitalAssignmentsActionTest)  Time elapsed: 0.061 sec  <<< ERROR!
java.lang.NullPointerException
	at edu.ncsu.csc.itrust.unit.action.ManageHospitalAssignmentsActionTest.doAssignment(ManageHospitalAssignmentsActionTest.java:45)
	at edu.ncsu.csc.itrust.unit.action.ManageHospitalAssignmentsActionTest.testAssignHCPToHospital(ManageHospitalAssignmentsActionTest.java:58)

testRemovePersonnelAssignmentToHospital(edu.ncsu.csc.itrust.unit.action.ManageHospitalAssignmentsActionTest)  Time elapsed: 0.061 sec  <<< ERROR!
java.lang.NullPointerException
	at edu.ncsu.csc.itrust.unit.action.ManageHospitalAssignmentsActionTest.doAssignment(ManageHospitalAssignmentsActionTest.java:45)
	at edu.ncsu.csc.itrust.unit.action.ManageHospitalAssignmentsActionTest.testRemovePersonnelAssignmentToHospital(ManageHospitalAssignmentsActionTest.java:99)

testAssignDuplicate(edu.ncsu.csc.itrust.unit.action.ManageHospitalAssignmentsActionTest)  Time elapsed: 0.06 sec  <<< ERROR!
java.lang.NullPointerException
	at edu.ncsu.csc.itrust.unit.action.ManageHospitalAssignmentsActionTest.doAssignment(ManageHospitalAssignmentsActionTest.java:45)
	at edu.ncsu.csc.itrust.unit.action.ManageHospitalAssignmentsActionTest.testAssignDuplicate(ManageHospitalAssignmentsActionTest.java:84)

testRemoveAll(edu.ncsu.csc.itrust.unit.action.ManageHospitalAssignmentsActionTest)  Time elapsed: 0.058 sec  <<< ERROR!
java.lang.NullPointerException
	at edu.ncsu.csc.itrust.unit.action.ManageHospitalAssignmentsActionTest.doAssignment(ManageHospitalAssignmentsActionTest.java:45)
	at edu.ncsu.csc.itrust.unit.action.ManageHospitalAssignmentsActionTest.testRemoveAll(ManageHospitalAssignmentsActionTest.java:120)

Running edu.ncsu.csc.itrust.unit.action.ReviewsActionTest
Tests run: 5, Failures: 0, Errors: 0, Skipped: 0, Time elapsed: 0.858 sec - in edu.ncsu.csc.itrust.unit.action.ReviewsActionTest
Running edu.ncsu.csc.itrust.unit.action.AddHCPActionTest
Tests run: 1, Failures: 0, Errors: 1, Skipped: 0, Time elapsed: 0.003 sec <<< FAILURE! - in edu.ncsu.csc.itrust.unit.action.AddHCPActionTest
testAddHCP(edu.ncsu.csc.itrust.unit.action.AddHCPActionTest)  Time elapsed: 0.003 sec  <<< ERROR!
java.lang.NullPointerException
	at edu.ncsu.csc.itrust.unit.action.AddHCPActionTest.testAddHCP(AddHCPActionTest.java:57)

Running edu.ncsu.csc.itrust.unit.action.AddDrugListActionTest
Tests run: 2, Failures: 0, Errors: 0, Skipped: 0, Time elapsed: 0.143 sec - in edu.ncsu.csc.itrust.unit.action.AddDrugListActionTest
Running edu.ncsu.csc.itrust.unit.action.GroupReportGeneratorActionTest
Tests run: 2, Failures: 0, Errors: 2, Skipped: 0, Time elapsed: 0.338 sec <<< FAILURE! - in edu.ncsu.csc.itrust.unit.action.GroupReportGeneratorActionTest
testParseFilters(edu.ncsu.csc.itrust.unit.action.GroupReportGeneratorActionTest)  Time elapsed: 0.177 sec  <<< ERROR!
java.lang.NullPointerException
	at edu.ncsu.csc.itrust.unit.action.GroupReportGeneratorActionTest.testParseFilters(GroupReportGeneratorActionTest.java:73)

testGenerateReport(edu.ncsu.csc.itrust.unit.action.GroupReportGeneratorActionTest)  Time elapsed: 0.159 sec  <<< ERROR!
java.lang.NullPointerException
	at edu.ncsu.csc.itrust.unit.action.GroupReportGeneratorActionTest.testGenerateReport(GroupReportGeneratorActionTest.java:42)

Running edu.ncsu.csc.itrust.unit.action.ViewReportActionTest
Tests run: 3, Failures: 3, Errors: 0, Skipped: 0, Time elapsed: 0.005 sec <<< FAILURE! - in edu.ncsu.csc.itrust.unit.action.ViewReportActionTest
warning(junit.framework.TestSuite$1)  Time elapsed: 0.002 sec  <<< FAILURE!
junit.framework.AssertionFailedError: 
Exception in constructor: testGetPatientl (java.lang.NullPointerException
	at edu.ncsu.csc.itrust.action.ViewReportAction.<init>(ViewReportAction.java:26)
	at edu.ncsu.csc.itrust.action.ViewReportAction.<init>(ViewReportAction.java:35)
	at edu.ncsu.csc.itrust.unit.action.ViewReportActionTest.<init>(ViewReportActionTest.java:17)
	at sun.reflect.NativeConstructorAccessorImpl.newInstance0(Native Method)
	at sun.reflect.NativeConstructorAccessorImpl.newInstance(NativeConstructorAccessorImpl.java:62)
	at sun.reflect.DelegatingConstructorAccessorImpl.newInstance(DelegatingConstructorAccessorImpl.java:45)
	at java.lang.reflect.Constructor.newInstance(Constructor.java:423)
	at junit.framework.TestSuite.createTest(TestSuite.java:60)
	at junit.framework.TestSuite.addTestMethod(TestSuite.java:307)
	at junit.framework.TestSuite.addTestsFromTestCase(TestSuite.java:150)
	at junit.framework.TestSuite.<init>(TestSuite.java:129)
	at org.junit.internal.runners.JUnit38ClassRunner.<init>(JUnit38ClassRunner.java:74)
	at org.junit.internal.builders.JUnit3Builder.runnerForClass(JUnit3Builder.java:11)
	at org.junit.runners.model.RunnerBuilder.safeRunnerForClass(RunnerBuilder.java:59)
	at org.junit.internal.builders.AllDefaultPossibilitiesBuilder.runnerForClass(AllDefaultPossibilitiesBuilder.java:26)
	at org.junit.runners.model.RunnerBuilder.safeRunnerForClass(RunnerBuilder.java:59)
	at org.junit.internal.requests.ClassRequest.getRunner(ClassRequest.java:33)
	at org.junit.internal.requests.FilterRequest.getRunner(FilterRequest.java:36)
	at org.apache.maven.surefire.junit4.JUnit4Provider.execute(JUnit4Provider.java:341)
	at org.apache.maven.surefire.junit4.JUnit4Provider.executeWithRerun(JUnit4Provider.java:269)
	at org.apache.maven.surefire.junit4.JUnit4Provider.executeTestSet(JUnit4Provider.java:240)
	at org.apache.maven.surefire.junit4.JUnit4Provider.invoke(JUnit4Provider.java:184)
	at org.apache.maven.surefire.booter.ForkedBooter.invokeProviderInSameClassLoader(ForkedBooter.java:286)
	at org.apache.maven.surefire.booter.ForkedBooter.runSuitesInProcess(ForkedBooter.java:240)
	at org.apache.maven.surefire.booter.ForkedBooter.main(ForkedBooter.java:121)
)
	at junit.framework.TestSuite$1.runTest(TestSuite.java:97)

warning(junit.framework.TestSuite$1)  Time elapsed: 0.001 sec  <<< FAILURE!
junit.framework.AssertionFailedError: 
Exception in constructor: testGetDeclaredHCPs (java.lang.NullPointerException
	at edu.ncsu.csc.itrust.action.ViewReportAction.<init>(ViewReportAction.java:26)
	at edu.ncsu.csc.itrust.action.ViewReportAction.<init>(ViewReportAction.java:35)
	at edu.ncsu.csc.itrust.unit.action.ViewReportActionTest.<init>(ViewReportActionTest.java:17)
	at sun.reflect.NativeConstructorAccessorImpl.newInstance0(Native Method)
	at sun.reflect.NativeConstructorAccessorImpl.newInstance(NativeConstructorAccessorImpl.java:62)
	at sun.reflect.DelegatingConstructorAccessorImpl.newInstance(DelegatingConstructorAccessorImpl.java:45)
	at java.lang.reflect.Constructor.newInstance(Constructor.java:423)
	at junit.framework.TestSuite.createTest(TestSuite.java:60)
	at junit.framework.TestSuite.addTestMethod(TestSuite.java:307)
	at junit.framework.TestSuite.addTestsFromTestCase(TestSuite.java:150)
	at junit.framework.TestSuite.<init>(TestSuite.java:129)
	at org.junit.internal.runners.JUnit38ClassRunner.<init>(JUnit38ClassRunner.java:74)
	at org.junit.internal.builders.JUnit3Builder.runnerForClass(JUnit3Builder.java:11)
	at org.junit.runners.model.RunnerBuilder.safeRunnerForClass(RunnerBuilder.java:59)
	at org.junit.internal.builders.AllDefaultPossibilitiesBuilder.runnerForClass(AllDefaultPossibilitiesBuilder.java:26)
	at org.junit.runners.model.RunnerBuilder.safeRunnerForClass(RunnerBuilder.java:59)
	at org.junit.internal.requests.ClassRequest.getRunner(ClassRequest.java:33)
	at org.junit.internal.requests.FilterRequest.getRunner(FilterRequest.java:36)
	at org.apache.maven.surefire.junit4.JUnit4Provider.execute(JUnit4Provider.java:341)
	at org.apache.maven.surefire.junit4.JUnit4Provider.executeWithRerun(JUnit4Provider.java:269)
	at org.apache.maven.surefire.junit4.JUnit4Provider.executeTestSet(JUnit4Provider.java:240)
	at org.apache.maven.surefire.junit4.JUnit4Provider.invoke(JUnit4Provider.java:184)
	at org.apache.maven.surefire.booter.ForkedBooter.invokeProviderInSameClassLoader(ForkedBooter.java:286)
	at org.apache.maven.surefire.booter.ForkedBooter.runSuitesInProcess(ForkedBooter.java:240)
	at org.apache.maven.surefire.booter.ForkedBooter.main(ForkedBooter.java:121)
)
	at junit.framework.TestSuite$1.runTest(TestSuite.java:97)

warning(junit.framework.TestSuite$1)  Time elapsed: 0.001 sec  <<< FAILURE!
junit.framework.AssertionFailedError: 
Exception in constructor: testGetPersonnel (java.lang.NullPointerException
	at edu.ncsu.csc.itrust.action.ViewReportAction.<init>(ViewReportAction.java:26)
	at edu.ncsu.csc.itrust.action.ViewReportAction.<init>(ViewReportAction.java:35)
	at edu.ncsu.csc.itrust.unit.action.ViewReportActionTest.<init>(ViewReportActionTest.java:17)
	at sun.reflect.NativeConstructorAccessorImpl.newInstance0(Native Method)
	at sun.reflect.NativeConstructorAccessorImpl.newInstance(NativeConstructorAccessorImpl.java:62)
	at sun.reflect.DelegatingConstructorAccessorImpl.newInstance(DelegatingConstructorAccessorImpl.java:45)
	at java.lang.reflect.Constructor.newInstance(Constructor.java:423)
	at junit.framework.TestSuite.createTest(TestSuite.java:60)
	at junit.framework.TestSuite.addTestMethod(TestSuite.java:307)
	at junit.framework.TestSuite.addTestsFromTestCase(TestSuite.java:150)
	at junit.framework.TestSuite.<init>(TestSuite.java:129)
	at org.junit.internal.runners.JUnit38ClassRunner.<init>(JUnit38ClassRunner.java:74)
	at org.junit.internal.builders.JUnit3Builder.runnerForClass(JUnit3Builder.java:11)
	at org.junit.runners.model.RunnerBuilder.safeRunnerForClass(RunnerBuilder.java:59)
	at org.junit.internal.builders.AllDefaultPossibilitiesBuilder.runnerForClass(AllDefaultPossibilitiesBuilder.java:26)
	at org.junit.runners.model.RunnerBuilder.safeRunnerForClass(RunnerBuilder.java:59)
	at org.junit.internal.requests.ClassRequest.getRunner(ClassRequest.java:33)
	at org.junit.internal.requests.FilterRequest.getRunner(FilterRequest.java:36)
	at org.apache.maven.surefire.junit4.JUnit4Provider.execute(JUnit4Provider.java:341)
	at org.apache.maven.surefire.junit4.JUnit4Provider.executeWithRerun(JUnit4Provider.java:269)
	at org.apache.maven.surefire.junit4.JUnit4Provider.executeTestSet(JUnit4Provider.java:240)
	at org.apache.maven.surefire.junit4.JUnit4Provider.invoke(JUnit4Provider.java:184)
	at org.apache.maven.surefire.booter.ForkedBooter.invokeProviderInSameClassLoader(ForkedBooter.java:286)
	at org.apache.maven.surefire.booter.ForkedBooter.runSuitesInProcess(ForkedBooter.java:240)
	at org.apache.maven.surefire.booter.ForkedBooter.main(ForkedBooter.java:121)
)
	at junit.framework.TestSuite$1.runTest(TestSuite.java:97)

Running edu.ncsu.csc.itrust.unit.action.ViewMyRemoteMonitoringListActionTest
Tests run: 5, Failures: 0, Errors: 5, Skipped: 0, Time elapsed: 0.295 sec <<< FAILURE! - in edu.ncsu.csc.itrust.unit.action.ViewMyRemoteMonitoringListActionTest
testGetPatientDataByDate(edu.ncsu.csc.itrust.unit.action.ViewMyRemoteMonitoringListActionTest)  Time elapsed: 0.058 sec  <<< ERROR!
java.lang.NullPointerException
	at edu.ncsu.csc.itrust.unit.action.ViewMyRemoteMonitoringListActionTest.setUp(ViewMyRemoteMonitoringListActionTest.java:26)

testGetPatientDataByType(edu.ncsu.csc.itrust.unit.action.ViewMyRemoteMonitoringListActionTest)  Time elapsed: 0.059 sec  <<< ERROR!
java.lang.NullPointerException
	at edu.ncsu.csc.itrust.unit.action.ViewMyRemoteMonitoringListActionTest.setUp(ViewMyRemoteMonitoringListActionTest.java:26)

testGetPatientData(edu.ncsu.csc.itrust.unit.action.ViewMyRemoteMonitoringListActionTest)  Time elapsed: 0.06 sec  <<< ERROR!
java.lang.NullPointerException
	at edu.ncsu.csc.itrust.unit.action.ViewMyRemoteMonitoringListActionTest.setUp(ViewMyRemoteMonitoringListActionTest.java:26)

testGetPatientName(edu.ncsu.csc.itrust.unit.action.ViewMyRemoteMonitoringListActionTest)  Time elapsed: 0.056 sec  <<< ERROR!
java.lang.NullPointerException
	at edu.ncsu.csc.itrust.unit.action.ViewMyRemoteMonitoringListActionTest.setUp(ViewMyRemoteMonitoringListActionTest.java:26)

testIllegalGetPatientDataByDate1(edu.ncsu.csc.itrust.unit.action.ViewMyRemoteMonitoringListActionTest)  Time elapsed: 0.056 sec  <<< ERROR!
java.lang.NullPointerException
	at edu.ncsu.csc.itrust.unit.action.ViewMyRemoteMonitoringListActionTest.setUp(ViewMyRemoteMonitoringListActionTest.java:26)

Running edu.ncsu.csc.itrust.unit.action.ActivityFeedActionTest
Tests run: 3, Failures: 0, Errors: 0, Skipped: 0, Time elapsed: 0.645 sec - in edu.ncsu.csc.itrust.unit.action.ActivityFeedActionTest
Running edu.ncsu.csc.itrust.unit.action.ViewMyAccessLogActionTest
Tests run: 8, Failures: 0, Errors: 0, Skipped: 0, Time elapsed: 0.538 sec - in edu.ncsu.csc.itrust.unit.action.ViewMyAccessLogActionTest
Running edu.ncsu.csc.itrust.unit.action.ChangeSessionTimeoutActionTest
Tests run: 3, Failures: 0, Errors: 0, Skipped: 0, Time elapsed: 0.009 sec - in edu.ncsu.csc.itrust.unit.action.ChangeSessionTimeoutActionTest
Running edu.ncsu.csc.itrust.unit.action.ApptBeanTest
Tests run: 1, Failures: 0, Errors: 0, Skipped: 0, Time elapsed: 0 sec - in edu.ncsu.csc.itrust.unit.action.ApptBeanTest
Running edu.ncsu.csc.itrust.unit.action.ViewPatientActionTest
Tests run: 2, Failures: 0, Errors: 2, Skipped: 0, Time elapsed: 0.122 sec <<< FAILURE! - in edu.ncsu.csc.itrust.unit.action.ViewPatientActionTest
testGetViewablePatients(edu.ncsu.csc.itrust.unit.action.ViewPatientActionTest)  Time elapsed: 0.062 sec  <<< ERROR!
java.lang.NullPointerException
	at edu.ncsu.csc.itrust.unit.action.ViewPatientActionTest.setUp(ViewPatientActionTest.java:27)

testGetPatient(edu.ncsu.csc.itrust.unit.action.ViewPatientActionTest)  Time elapsed: 0.058 sec  <<< ERROR!
java.lang.NullPointerException
	at edu.ncsu.csc.itrust.unit.action.ViewPatientActionTest.setUp(ViewPatientActionTest.java:27)

Running edu.ncsu.csc.itrust.unit.action.PatientBaseActionTest
Tests run: 1, Failures: 0, Errors: 0, Skipped: 0, Time elapsed: 0.001 sec - in edu.ncsu.csc.itrust.unit.action.PatientBaseActionTest
Running edu.ncsu.csc.itrust.unit.action.VerifyClaimActionTest
edu.ncsu.csc.itrust.exception.DBException: A database exception has occurred. Please see the log in the console for stacktrace
	at edu.ncsu.csc.itrust.model.old.dao.mysql.BillingDAO.getBillId(BillingDAO.java:81)
	at edu.ncsu.csc.itrust.action.VerifyClaimAction.<init>(VerifyClaimAction.java:26)
	at edu.ncsu.csc.itrust.unit.action.VerifyClaimActionTest.testEvilAction(VerifyClaimActionTest.java:92)
	at sun.reflect.NativeMethodAccessorImpl.invoke0(Native Method)
	at sun.reflect.NativeMethodAccessorImpl.invoke(NativeMethodAccessorImpl.java:62)
	at sun.reflect.DelegatingMethodAccessorImpl.invoke(DelegatingMethodAccessorImpl.java:43)
	at java.lang.reflect.Method.invoke(Method.java:498)
	at org.junit.runners.model.FrameworkMethod$1.runReflectiveCall(FrameworkMethod.java:50)
	at org.junit.internal.runners.model.ReflectiveCallable.run(ReflectiveCallable.java:12)
	at org.junit.runners.model.FrameworkMethod.invokeExplosively(FrameworkMethod.java:47)
	at org.junit.internal.runners.statements.InvokeMethod.evaluate(InvokeMethod.java:17)
	at org.junit.internal.runners.statements.RunBefores.evaluate(RunBefores.java:26)
	at org.junit.internal.runners.statements.RunAfters.evaluate(RunAfters.java:27)
	at org.junit.runners.ParentRunner.runLeaf(ParentRunner.java:325)
	at org.junit.runners.BlockJUnit4ClassRunner.runChild(BlockJUnit4ClassRunner.java:78)
	at org.junit.runners.BlockJUnit4ClassRunner.runChild(BlockJUnit4ClassRunner.java:57)
	at org.junit.runners.ParentRunner$3.run(ParentRunner.java:290)
	at org.junit.runners.ParentRunner$1.schedule(ParentRunner.java:71)
	at org.junit.runners.ParentRunner.runChildren(ParentRunner.java:288)
	at org.junit.runners.ParentRunner.access$000(ParentRunner.java:58)
	at org.junit.runners.ParentRunner$2.evaluate(ParentRunner.java:268)
	at org.junit.runners.ParentRunner.run(ParentRunner.java:363)
	at org.apache.maven.surefire.junit4.JUnit4Provider.execute(JUnit4Provider.java:344)
	at org.apache.maven.surefire.junit4.JUnit4Provider.executeWithRerun(JUnit4Provider.java:269)
	at org.apache.maven.surefire.junit4.JUnit4Provider.executeTestSet(JUnit4Provider.java:240)
	at org.apache.maven.surefire.junit4.JUnit4Provider.invoke(JUnit4Provider.java:184)
	at org.apache.maven.surefire.booter.ForkedBooter.invokeProviderInSameClassLoader(ForkedBooter.java:286)
	at org.apache.maven.surefire.booter.ForkedBooter.runSuitesInProcess(ForkedBooter.java:240)
	at org.apache.maven.surefire.booter.ForkedBooter.main(ForkedBooter.java:121)
Tests run: 4, Failures: 0, Errors: 0, Skipped: 0, Time elapsed: 0.248 sec - in edu.ncsu.csc.itrust.unit.action.VerifyClaimActionTest
Running edu.ncsu.csc.itrust.unit.action.SearchUsersActionTest
Tests run: 14, Failures: 0, Errors: 0, Skipped: 0, Time elapsed: 2.284 sec - in edu.ncsu.csc.itrust.unit.action.SearchUsersActionTest
Running edu.ncsu.csc.itrust.unit.action.EditApptActionTest
Tests run: 6, Failures: 0, Errors: 6, Skipped: 0, Time elapsed: 0.383 sec <<< FAILURE! - in edu.ncsu.csc.itrust.unit.action.EditApptActionTest
testEditAppt(edu.ncsu.csc.itrust.unit.action.EditApptActionTest)  Time elapsed: 0.07 sec  <<< ERROR!
java.lang.NullPointerException
	at edu.ncsu.csc.itrust.unit.action.EditApptActionTest.setUp(EditApptActionTest.java:43)

testEditApptConflict(edu.ncsu.csc.itrust.unit.action.EditApptActionTest)  Time elapsed: 0.059 sec  <<< ERROR!
java.lang.NullPointerException
	at edu.ncsu.csc.itrust.unit.action.EditApptActionTest.setUp(EditApptActionTest.java:43)

testGetAppt(edu.ncsu.csc.itrust.unit.action.EditApptActionTest)  Time elapsed: 0.064 sec  <<< ERROR!
java.lang.NullPointerException
	at edu.ncsu.csc.itrust.unit.action.EditApptActionTest.setUp(EditApptActionTest.java:43)

testGetName(edu.ncsu.csc.itrust.unit.action.EditApptActionTest)  Time elapsed: 0.06 sec  <<< ERROR!
java.lang.NullPointerException
	at edu.ncsu.csc.itrust.unit.action.EditApptActionTest.setUp(EditApptActionTest.java:43)

testEvilFactory(edu.ncsu.csc.itrust.unit.action.EditApptActionTest)  Time elapsed: 0.06 sec  <<< ERROR!
java.lang.NullPointerException
	at edu.ncsu.csc.itrust.unit.action.EditApptActionTest.setUp(EditApptActionTest.java:43)

testRemoveAppt(edu.ncsu.csc.itrust.unit.action.EditApptActionTest)  Time elapsed: 0.061 sec  <<< ERROR!
java.lang.NullPointerException
	at edu.ncsu.csc.itrust.unit.action.EditApptActionTest.setUp(EditApptActionTest.java:43)

Running edu.ncsu.csc.itrust.unit.action.ViewMyReportRequestsActionTest
Tests run: 8, Failures: 0, Errors: 5, Skipped: 0, Time elapsed: 0.519 sec <<< FAILURE! - in edu.ncsu.csc.itrust.unit.action.ViewMyReportRequestsActionTest
testInsertReport2(edu.ncsu.csc.itrust.unit.action.ViewMyReportRequestsActionTest)  Time elapsed: 0.065 sec  <<< ERROR!
java.lang.NoClassDefFoundError: Could not initialize class edu.ncsu.csc.itrust.Messages
	at edu.ncsu.csc.itrust.unit.action.ViewMyReportRequestsActionTest.testInsertReport2(ViewMyReportRequestsActionTest.java:84)

testGetReportRequests3(edu.ncsu.csc.itrust.unit.action.ViewMyReportRequestsActionTest)  Time elapsed: 0.063 sec  <<< ERROR!
java.lang.NoClassDefFoundError: Could not initialize class edu.ncsu.csc.itrust.model.old.beans.ReportRequestBean
	at edu.ncsu.csc.itrust.unit.action.ViewMyReportRequestsActionTest.testGetReportRequests3(ViewMyReportRequestsActionTest.java:34)

testGetLongStatus(edu.ncsu.csc.itrust.unit.action.ViewMyReportRequestsActionTest)  Time elapsed: 0.064 sec  <<< ERROR!
java.lang.NoClassDefFoundError: Could not initialize class edu.ncsu.csc.itrust.model.old.beans.ReportRequestBean
	at edu.ncsu.csc.itrust.unit.action.ViewMyReportRequestsActionTest.testGetLongStatus(ViewMyReportRequestsActionTest.java:105)

testGetReportRequestForID3(edu.ncsu.csc.itrust.unit.action.ViewMyReportRequestsActionTest)  Time elapsed: 0.068 sec  <<< ERROR!
java.lang.NoClassDefFoundError: Could not initialize class edu.ncsu.csc.itrust.model.old.beans.ReportRequestBean
	at edu.ncsu.csc.itrust.unit.action.ViewMyReportRequestsActionTest.testGetReportRequestForID3(ViewMyReportRequestsActionTest.java:52)

testGetReportRequestForID4(edu.ncsu.csc.itrust.unit.action.ViewMyReportRequestsActionTest)  Time elapsed: 0.07 sec  <<< ERROR!
java.lang.NoClassDefFoundError: Could not initialize class edu.ncsu.csc.itrust.model.old.beans.ReportRequestBean
	at edu.ncsu.csc.itrust.unit.action.ViewMyReportRequestsActionTest.testGetReportRequestForID4(ViewMyReportRequestsActionTest.java:61)

Running edu.ncsu.csc.itrust.unit.action.DeclareHCPActionExceptionTest
Tests run: 2, Failures: 0, Errors: 0, Skipped: 0, Time elapsed: 0 sec - in edu.ncsu.csc.itrust.unit.action.DeclareHCPActionExceptionTest
Running edu.ncsu.csc.itrust.unit.action.ResetPasswordActionTest
Tests run: 13, Failures: 0, Errors: 2, Skipped: 0, Time elapsed: 0.769 sec <<< FAILURE! - in edu.ncsu.csc.itrust.unit.action.ResetPasswordActionTest
testResetForHCP(edu.ncsu.csc.itrust.unit.action.ResetPasswordActionTest)  Time elapsed: 0.066 sec  <<< ERROR!
java.lang.NullPointerException
	at edu.ncsu.csc.itrust.unit.action.ResetPasswordActionTest.testResetForHCP(ResetPasswordActionTest.java:114)

testResetPassword(edu.ncsu.csc.itrust.unit.action.ResetPasswordActionTest)  Time elapsed: 0.063 sec  <<< ERROR!
java.lang.NullPointerException
	at edu.ncsu.csc.itrust.unit.action.ResetPasswordActionTest.testResetPassword(ResetPasswordActionTest.java:102)

Running edu.ncsu.csc.itrust.unit.action.AddPHAActionTest
Tests run: 1, Failures: 0, Errors: 1, Skipped: 0, Time elapsed: 0.059 sec <<< FAILURE! - in edu.ncsu.csc.itrust.unit.action.AddPHAActionTest
testAddPHA(edu.ncsu.csc.itrust.unit.action.AddPHAActionTest)  Time elapsed: 0.059 sec  <<< ERROR!
java.lang.NullPointerException
	at edu.ncsu.csc.itrust.unit.action.AddPHAActionTest.testAddPHA(AddPHAActionTest.java:47)

Running edu.ncsu.csc.itrust.unit.action.ViewMyBillingActionTest
Tests run: 2, Failures: 0, Errors: 1, Skipped: 0, Time elapsed: 0.334 sec <<< FAILURE! - in edu.ncsu.csc.itrust.unit.action.ViewMyBillingActionTest
testGetAllMyBills(edu.ncsu.csc.itrust.unit.action.ViewMyBillingActionTest)  Time elapsed: 0.165 sec  <<< ERROR!
java.lang.NullPointerException
	at edu.ncsu.csc.itrust.unit.action.ViewMyBillingActionTest.testGetAllMyBills(ViewMyBillingActionTest.java:31)

Running edu.ncsu.csc.itrust.unit.action.FindExpertActionTest
Tests run: 3, Failures: 0, Errors: 0, Skipped: 0, Time elapsed: 0.169 sec - in edu.ncsu.csc.itrust.unit.action.FindExpertActionTest
Running edu.ncsu.csc.itrust.unit.action.UpdateORCListActionTest
Tests run: 5, Failures: 0, Errors: 0, Skipped: 0, Time elapsed: 0.287 sec - in edu.ncsu.csc.itrust.unit.action.UpdateORCListActionTest
Running edu.ncsu.csc.itrust.unit.action.SendMessageActionTest
Tests run: 7, Failures: 0, Errors: 1, Skipped: 0, Time elapsed: 1.127 sec <<< FAILURE! - in edu.ncsu.csc.itrust.unit.action.SendMessageActionTest
testSendMessage(edu.ncsu.csc.itrust.unit.action.SendMessageActionTest)  Time elapsed: 0.164 sec  <<< ERROR!
java.lang.NullPointerException
	at edu.ncsu.csc.itrust.unit.action.SendMessageActionTest.testSendMessage(SendMessageActionTest.java:57)

Running edu.ncsu.csc.itrust.unit.action.EditRepresentativesActionTest
edu.ncsu.csc.itrust.exception.DBException: A database exception has occurred. Please see the log in the console for stacktrace
	at edu.ncsu.csc.itrust.model.old.dao.mysql.PatientDAO.checkIfPatientIsActive(PatientDAO.java:433)
	at edu.ncsu.csc.itrust.action.EditRepresentativesAction.checkIfPatientIsActive(EditRepresentativesAction.java:121)
	at edu.ncsu.csc.itrust.unit.action.EditRepresentativesActionTest.testCheckIfPatientIsActive(EditRepresentativesActionTest.java:87)
	at sun.reflect.NativeMethodAccessorImpl.invoke0(Native Method)
	at sun.reflect.NativeMethodAccessorImpl.invoke(NativeMethodAccessorImpl.java:62)
	at sun.reflect.DelegatingMethodAccessorImpl.invoke(DelegatingMethodAccessorImpl.java:43)
	at java.lang.reflect.Method.invoke(Method.java:498)
	at junit.framework.TestCase.runTest(TestCase.java:176)
	at junit.framework.TestCase.runBare(TestCase.java:141)
	at junit.framework.TestResult$1.protect(TestResult.java:122)
	at junit.framework.TestResult.runProtected(TestResult.java:142)
	at junit.framework.TestResult.run(TestResult.java:125)
	at junit.framework.TestCase.run(TestCase.java:129)
	at junit.framework.TestSuite.runTest(TestSuite.java:252)
	at junit.framework.TestSuite.run(TestSuite.java:247)
	at org.junit.internal.runners.JUnit38ClassRunner.run(JUnit38ClassRunner.java:86)
	at org.apache.maven.surefire.junit4.JUnit4Provider.execute(JUnit4Provider.java:344)
	at org.apache.maven.surefire.junit4.JUnit4Provider.executeWithRerun(JUnit4Provider.java:269)
	at org.apache.maven.surefire.junit4.JUnit4Provider.executeTestSet(JUnit4Provider.java:240)
	at org.apache.maven.surefire.junit4.JUnit4Provider.invoke(JUnit4Provider.java:184)
	at org.apache.maven.surefire.booter.ForkedBooter.invokeProviderInSameClassLoader(ForkedBooter.java:286)
	at org.apache.maven.surefire.booter.ForkedBooter.runSuitesInProcess(ForkedBooter.java:240)
	at org.apache.maven.surefire.booter.ForkedBooter.main(ForkedBooter.java:121)
Tests run: 10, Failures: 0, Errors: 2, Skipped: 0, Time elapsed: 0.659 sec <<< FAILURE! - in edu.ncsu.csc.itrust.unit.action.EditRepresentativesActionTest
testAddRepresentee(edu.ncsu.csc.itrust.unit.action.EditRepresentativesActionTest)  Time elapsed: 0.063 sec  <<< ERROR!
java.lang.NullPointerException
	at edu.ncsu.csc.itrust.unit.action.EditRepresentativesActionTest.testAddRepresentee(EditRepresentativesActionTest.java:38)

testRemoveRepresentee(edu.ncsu.csc.itrust.unit.action.EditRepresentativesActionTest)  Time elapsed: 0.062 sec  <<< ERROR!
java.lang.NullPointerException
	at edu.ncsu.csc.itrust.unit.action.EditRepresentativesActionTest.testRemoveRepresentee(EditRepresentativesActionTest.java:46)

Running edu.ncsu.csc.itrust.unit.DateUtilTest
Tests run: 4, Failures: 0, Errors: 0, Skipped: 0, Time elapsed: 0.003 sec - in edu.ncsu.csc.itrust.unit.DateUtilTest
Running edu.ncsu.csc.itrust.unit.controller.emergencyRecord.EmergencyRecordControllerTest
Tests run: 4, Failures: 0, Errors: 0, Skipped: 0, Time elapsed: 0.322 sec - in edu.ncsu.csc.itrust.unit.controller.emergencyRecord.EmergencyRecordControllerTest
Running edu.ncsu.csc.itrust.unit.controller.icdCode.ICDCodeFormTest
Tests run: 1, Failures: 0, Errors: 1, Skipped: 0, Time elapsed: 0.089 sec <<< FAILURE! - in edu.ncsu.csc.itrust.unit.controller.icdCode.ICDCodeFormTest
testICDCodeForm(edu.ncsu.csc.itrust.unit.controller.icdCode.ICDCodeFormTest)  Time elapsed: 0.089 sec  <<< ERROR!
java.lang.NullPointerException
	at edu.ncsu.csc.itrust.unit.controller.icdCode.ICDCodeFormTest.testICDCodeForm(ICDCodeFormTest.java:64)

Running edu.ncsu.csc.itrust.unit.controller.icdCode.ICDCodeControllerTest
Tests run: 5, Failures: 0, Errors: 0, Skipped: 0, Time elapsed: 0.357 sec - in edu.ncsu.csc.itrust.unit.controller.icdCode.ICDCodeControllerTest
Running edu.ncsu.csc.itrust.unit.controller.hospital.HospitalControllerTest
Tests run: 1, Failures: 0, Errors: 0, Skipped: 0, Time elapsed: 0.013 sec - in edu.ncsu.csc.itrust.unit.controller.hospital.HospitalControllerTest
Running edu.ncsu.csc.itrust.unit.controller.ndcCode.NDCCodeControllerTest
Tests run: 5, Failures: 0, Errors: 0, Skipped: 0, Time elapsed: 0.381 sec - in edu.ncsu.csc.itrust.unit.controller.ndcCode.NDCCodeControllerTest
Running edu.ncsu.csc.itrust.unit.controller.ndcCode.NDCCodeFormTest
Tests run: 1, Failures: 0, Errors: 1, Skipped: 0, Time elapsed: 0.074 sec <<< FAILURE! - in edu.ncsu.csc.itrust.unit.controller.ndcCode.NDCCodeFormTest
testForm(edu.ncsu.csc.itrust.unit.controller.ndcCode.NDCCodeFormTest)  Time elapsed: 0.072 sec  <<< ERROR!
java.lang.NullPointerException
	at edu.ncsu.csc.itrust.unit.controller.ndcCode.NDCCodeFormTest.testForm(NDCCodeFormTest.java:60)

Running edu.ncsu.csc.itrust.unit.controller.loincCode.LOINCCodeControllerTest
Tests run: 5, Failures: 0, Errors: 0, Skipped: 0, Time elapsed: 0.389 sec - in edu.ncsu.csc.itrust.unit.controller.loincCode.LOINCCodeControllerTest
Running edu.ncsu.csc.itrust.unit.controller.loincCode.LOINCCodeFormTest
Tests run: 1, Failures: 0, Errors: 1, Skipped: 0, Time elapsed: 0.07 sec <<< FAILURE! - in edu.ncsu.csc.itrust.unit.controller.loincCode.LOINCCodeFormTest
testForm(edu.ncsu.csc.itrust.unit.controller.loincCode.LOINCCodeFormTest)  Time elapsed: 0.07 sec  <<< ERROR!
java.lang.NullPointerException
	at edu.ncsu.csc.itrust.unit.controller.loincCode.LOINCCodeFormTest.testForm(LOINCCodeFormTest.java:74)

Running edu.ncsu.csc.itrust.unit.controller.prescription.PrescriptionControllerTest
Tests run: 7, Failures: 0, Errors: 0, Skipped: 0, Time elapsed: 1.118 sec - in edu.ncsu.csc.itrust.unit.controller.prescription.PrescriptionControllerTest
Running edu.ncsu.csc.itrust.unit.controller.prescription.PrescriptionFormTest
Tests run: 1, Failures: 0, Errors: 1, Skipped: 0, Time elapsed: 0.092 sec <<< FAILURE! - in edu.ncsu.csc.itrust.unit.controller.prescription.PrescriptionFormTest
testEverything(edu.ncsu.csc.itrust.unit.controller.prescription.PrescriptionFormTest)  Time elapsed: 0.092 sec  <<< ERROR!
java.lang.NullPointerException
	at edu.ncsu.csc.itrust.unit.controller.prescription.PrescriptionFormTest.testEverything(PrescriptionFormTest.java:59)

Running edu.ncsu.csc.itrust.unit.controller.labProcedure.LabProcedureControllerTest
edu.ncsu.csc.itrust.exception.DBException: A database exception has occurred. Please see the log in the console for stacktrace
	at edu.ncsu.csc.itrust.model.labProcedure.LabProcedureMySQL.<init>(LabProcedureMySQL.java:34)
	at edu.ncsu.csc.itrust.controller.labProcedure.LabProcedureController.<init>(LabProcedureController.java:32)
	at edu.ncsu.csc.itrust.unit.controller.labProcedure.LabProcedureControllerTest.testLabProcedure(LabProcedureControllerTest.java:499)
	at sun.reflect.NativeMethodAccessorImpl.invoke0(Native Method)
	at sun.reflect.NativeMethodAccessorImpl.invoke(NativeMethodAccessorImpl.java:62)
	at sun.reflect.DelegatingMethodAccessorImpl.invoke(DelegatingMethodAccessorImpl.java:43)
	at java.lang.reflect.Method.invoke(Method.java:498)
	at org.junit.runners.model.FrameworkMethod$1.runReflectiveCall(FrameworkMethod.java:50)
	at org.junit.internal.runners.model.ReflectiveCallable.run(ReflectiveCallable.java:12)
	at org.junit.runners.model.FrameworkMethod.invokeExplosively(FrameworkMethod.java:47)
	at org.junit.internal.runners.statements.InvokeMethod.evaluate(InvokeMethod.java:17)
	at org.junit.internal.runners.statements.RunBefores.evaluate(RunBefores.java:26)
	at org.junit.internal.runners.statements.RunAfters.evaluate(RunAfters.java:27)
	at org.junit.runners.ParentRunner.runLeaf(ParentRunner.java:325)
	at org.junit.runners.BlockJUnit4ClassRunner.runChild(BlockJUnit4ClassRunner.java:78)
	at org.junit.runners.BlockJUnit4ClassRunner.runChild(BlockJUnit4ClassRunner.java:57)
	at org.junit.runners.ParentRunner$3.run(ParentRunner.java:290)
	at org.junit.runners.ParentRunner$1.schedule(ParentRunner.java:71)
	at org.junit.runners.ParentRunner.runChildren(ParentRunner.java:288)
	at org.junit.runners.ParentRunner.access$000(ParentRunner.java:58)
	at org.junit.runners.ParentRunner$2.evaluate(ParentRunner.java:268)
	at org.junit.runners.ParentRunner.run(ParentRunner.java:363)
	at org.apache.maven.surefire.junit4.JUnit4Provider.execute(JUnit4Provider.java:344)
	at org.apache.maven.surefire.junit4.JUnit4Provider.executeWithRerun(JUnit4Provider.java:269)
	at org.apache.maven.surefire.junit4.JUnit4Provider.executeTestSet(JUnit4Provider.java:240)
	at org.apache.maven.surefire.junit4.JUnit4Provider.invoke(JUnit4Provider.java:184)
	at org.apache.maven.surefire.booter.ForkedBooter.invokeProviderInSameClassLoader(ForkedBooter.java:286)
	at org.apache.maven.surefire.booter.ForkedBooter.runSuitesInProcess(ForkedBooter.java:240)
	at org.apache.maven.surefire.booter.ForkedBooter.main(ForkedBooter.java:121)
Tests run: 24, Failures: 1, Errors: 2, Skipped: 0, Time elapsed: 3.129 sec <<< FAILURE! - in edu.ncsu.csc.itrust.unit.controller.labProcedure.LabProcedureControllerTest
testEdit(edu.ncsu.csc.itrust.unit.controller.labProcedure.LabProcedureControllerTest)  Time elapsed: 0.116 sec  <<< ERROR!
java.lang.NullPointerException
	at edu.ncsu.csc.itrust.unit.controller.labProcedure.LabProcedureControllerTest.testEdit(LabProcedureControllerTest.java:435)

testSetLabProcedureToReceivedStatus(edu.ncsu.csc.itrust.unit.controller.labProcedure.LabProcedureControllerTest)  Time elapsed: 0.13 sec  <<< FAILURE!
org.mockito.exceptions.verification.junit.ArgumentsAreDifferent: 

Argument(s) are different! Wanted:
labProcedureController.printFacesMessage(
    INFO 0,
    <any>,
    <any>,
    <any>
);
-> at edu.ncsu.csc.itrust.unit.controller.labProcedure.LabProcedureControllerTest.testSetLabProcedureToReceivedStatus(LabProcedureControllerTest.java:330)
Actual invocation has different arguments:
labProcedureController.printFacesMessage(
    ERROR 2,
    "Something went wrong and the action couldn't be completed.",
    "Something went wrong and the action couldn't be completed.",
    null
);
-> at edu.ncsu.csc.itrust.unit.controller.labProcedure.LabProcedureControllerTest.testSetLabProcedureToReceivedStatus(LabProcedureControllerTest.java:328)

	at edu.ncsu.csc.itrust.unit.controller.labProcedure.LabProcedureControllerTest.testSetLabProcedureToReceivedStatus(LabProcedureControllerTest.java:330)

testRemove(edu.ncsu.csc.itrust.unit.controller.labProcedure.LabProcedureControllerTest)  Time elapsed: 0.122 sec  <<< ERROR!
java.lang.NullPointerException
	at edu.ncsu.csc.itrust.unit.controller.labProcedure.LabProcedureControllerTest.testRemove(LabProcedureControllerTest.java:452)

Running edu.ncsu.csc.itrust.unit.controller.officeVisit.OfficeVisitControllerTest
Tests run: 25, Failures: 0, Errors: 4, Skipped: 0, Time elapsed: 0.871 sec <<< FAILURE! - in edu.ncsu.csc.itrust.unit.controller.officeVisit.OfficeVisitControllerTest
testRetrieveOfficeVisit(edu.ncsu.csc.itrust.unit.controller.officeVisit.OfficeVisitControllerTest)  Time elapsed: 0.033 sec  <<< ERROR!
java.lang.NullPointerException
	at edu.ncsu.csc.itrust.unit.controller.officeVisit.OfficeVisitControllerTest.testRetrieveOfficeVisit(OfficeVisitControllerTest.java:115)

testGetSelectedVisit(edu.ncsu.csc.itrust.unit.controller.officeVisit.OfficeVisitControllerTest)  Time elapsed: 0.04 sec  <<< ERROR!
java.lang.NullPointerException
	at edu.ncsu.csc.itrust.unit.controller.officeVisit.OfficeVisitControllerTest.testGetSelectedVisit(OfficeVisitControllerTest.java:302)

testAddOfficeVisitWithFacesContext(edu.ncsu.csc.itrust.unit.controller.officeVisit.OfficeVisitControllerTest)  Time elapsed: 0.035 sec  <<< ERROR!
java.lang.NullPointerException
	at edu.ncsu.csc.itrust.unit.controller.officeVisit.OfficeVisitControllerTest.testAddOfficeVisitWithFacesContext(OfficeVisitControllerTest.java:173)

testAddReturnGeneratedId(edu.ncsu.csc.itrust.unit.controller.officeVisit.OfficeVisitControllerTest)  Time elapsed: 0.028 sec  <<< ERROR!
java.lang.NullPointerException
	at edu.ncsu.csc.itrust.unit.controller.officeVisit.OfficeVisitControllerTest.testAddReturnGeneratedId(OfficeVisitControllerTest.java:364)

Running edu.ncsu.csc.itrust.unit.controller.officeVisit.OfficeVisitFormTest
Tests run: 21, Failures: 0, Errors: 0, Skipped: 0, Time elapsed: 0.927 sec - in edu.ncsu.csc.itrust.unit.controller.officeVisit.OfficeVisitFormTest
Running edu.ncsu.csc.itrust.unit.controller.medicalProcedure.MedicalProcedureFormTest
Tests run: 1, Failures: 0, Errors: 0, Skipped: 0, Time elapsed: 0.097 sec - in edu.ncsu.csc.itrust.unit.controller.medicalProcedure.MedicalProcedureFormTest
Running edu.ncsu.csc.itrust.unit.controller.medicalProcedure.MedicalProcedureControllerTest
Tests run: 1, Failures: 0, Errors: 0, Skipped: 0, Time elapsed: 0.024 sec - in edu.ncsu.csc.itrust.unit.controller.medicalProcedure.MedicalProcedureControllerTest
Running edu.ncsu.csc.itrust.unit.controller.immunization.ImmunizationControllerTest
Tests run: 1, Failures: 0, Errors: 0, Skipped: 0, Time elapsed: 0.027 sec - in edu.ncsu.csc.itrust.unit.controller.immunization.ImmunizationControllerTest
Running edu.ncsu.csc.itrust.unit.controller.immunization.ImmunizationFormTest
Tests run: 1, Failures: 0, Errors: 0, Skipped: 0, Time elapsed: 0.089 sec - in edu.ncsu.csc.itrust.unit.controller.immunization.ImmunizationFormTest
Running edu.ncsu.csc.itrust.unit.controller.cptcode.CPTCodeFormTest
Tests run: 1, Failures: 0, Errors: 1, Skipped: 0, Time elapsed: 0.072 sec <<< FAILURE! - in edu.ncsu.csc.itrust.unit.controller.cptcode.CPTCodeFormTest
testCPTCodeForm(edu.ncsu.csc.itrust.unit.controller.cptcode.CPTCodeFormTest)  Time elapsed: 0.071 sec  <<< ERROR!
java.lang.NullPointerException
	at edu.ncsu.csc.itrust.unit.controller.cptcode.CPTCodeFormTest.testCPTCodeForm(CPTCodeFormTest.java:63)

Running edu.ncsu.csc.itrust.unit.controller.cptcode.CPTCodeControllerTest
Tests run: 6, Failures: 2, Errors: 0, Skipped: 0, Time elapsed: 0.452 sec <<< FAILURE! - in edu.ncsu.csc.itrust.unit.controller.cptcode.CPTCodeControllerTest
testGetters(edu.ncsu.csc.itrust.unit.controller.cptcode.CPTCodeControllerTest)  Time elapsed: 0.08 sec  <<< FAILURE!
java.lang.AssertionError: expected:<1> but was:<0>
	at edu.ncsu.csc.itrust.unit.controller.cptcode.CPTCodeControllerTest.testGetters(CPTCodeControllerTest.java:145)

testRemove(edu.ncsu.csc.itrust.unit.controller.cptcode.CPTCodeControllerTest)  Time elapsed: 0.078 sec  <<< FAILURE!
java.lang.AssertionError: expected:<1> but was:<0>
	at edu.ncsu.csc.itrust.unit.controller.cptcode.CPTCodeControllerTest.testRemove(CPTCodeControllerTest.java:120)

Running edu.ncsu.csc.itrust.unit.serverutils.PateintSearchServletTest
Tests run: 3, Failures: 0, Errors: 0, Skipped: 0, Time elapsed: 0.554 sec - in edu.ncsu.csc.itrust.unit.serverutils.PateintSearchServletTest
Running edu.ncsu.csc.itrust.unit.serverutils.GroupReportGeneratorTest
Tests run: 1, Failures: 0, Errors: 1, Skipped: 0, Time elapsed: 0.038 sec <<< FAILURE! - in edu.ncsu.csc.itrust.unit.serverutils.GroupReportGeneratorTest
testGroupReportGeneratorServletPost(edu.ncsu.csc.itrust.unit.serverutils.GroupReportGeneratorTest)  Time elapsed: 0.038 sec  <<< ERROR!
java.lang.NullPointerException
	at edu.ncsu.csc.itrust.unit.serverutils.GroupReportGeneratorTest.testGroupReportGeneratorServletPost(GroupReportGeneratorTest.java:75)

Running edu.ncsu.csc.itrust.unit.serverutils.ProductionConnectionDriverTest
Tests run: 1, Failures: 0, Errors: 0, Skipped: 0, Time elapsed: 0.021 sec - in edu.ncsu.csc.itrust.unit.serverutils.ProductionConnectionDriverTest
Running edu.ncsu.csc.itrust.unit.serverutils.SessionTimeoutListenerTest
Unable to set session timeout, defaulting to 20 minutes
Tests run: 3, Failures: 0, Errors: 1, Skipped: 0, Time elapsed: 0.011 sec <<< FAILURE! - in edu.ncsu.csc.itrust.unit.serverutils.SessionTimeoutListenerTest
testSessionDestroyed(edu.ncsu.csc.itrust.unit.serverutils.SessionTimeoutListenerTest)  Time elapsed: 0.006 sec  <<< ERROR!
java.lang.NullPointerException
	at edu.ncsu.csc.itrust.unit.serverutils.SessionTimeoutListenerTest.testSessionDestroyed(SessionTimeoutListenerTest.java:42)

Running edu.ncsu.csc.itrust.unit.serverutils.FindExpertServletTest
Tests run: 1, Failures: 0, Errors: 0, Skipped: 0, Time elapsed: 0.172 sec - in edu.ncsu.csc.itrust.unit.serverutils.FindExpertServletTest
Running edu.ncsu.csc.itrust.unit.serverutils.CustomJSPTagsTest
Tests run: 4, Failures: 0, Errors: 0, Skipped: 0, Time elapsed: 0.043 sec - in edu.ncsu.csc.itrust.unit.serverutils.CustomJSPTagsTest
Running edu.ncsu.csc.itrust.unit.serverutils.WardCRUDServletTest
Tests run: 6, Failures: 0, Errors: 0, Skipped: 0, Time elapsed: 0.008 sec - in edu.ncsu.csc.itrust.unit.serverutils.WardCRUDServletTest
Running edu.ncsu.csc.itrust.unit.serverutils.WardRoomCRUDServletTest
Tests run: 6, Failures: 0, Errors: 0, Skipped: 0, Time elapsed: 0.007 sec - in edu.ncsu.csc.itrust.unit.serverutils.WardRoomCRUDServletTest
Running edu.ncsu.csc.itrust.unit.report.PersonnelReportFilterTest
Tests run: 6, Failures: 0, Errors: 0, Skipped: 0, Time elapsed: 1.113 sec - in edu.ncsu.csc.itrust.unit.report.PersonnelReportFilterTest
Running edu.ncsu.csc.itrust.unit.report.DemographicReportFilterTest
Tests run: 62, Failures: 0, Errors: 0, Skipped: 0, Time elapsed: 11.064 sec - in edu.ncsu.csc.itrust.unit.report.DemographicReportFilterTest
Running edu.ncsu.csc.itrust.unit.report.MedicalReportFilterTest
Tests run: 7, Failures: 0, Errors: 0, Skipped: 0, Time elapsed: 1.254 sec - in edu.ncsu.csc.itrust.unit.report.MedicalReportFilterTest
Running edu.ncsu.csc.itrust.unit.bean.AllergyBeanTest
Tests run: 3, Failures: 0, Errors: 0, Skipped: 0, Time elapsed: 0.001 sec - in edu.ncsu.csc.itrust.unit.bean.AllergyBeanTest
Running edu.ncsu.csc.itrust.unit.bean.ReportRequestBeanTest
Tests run: 2, Failures: 0, Errors: 2, Skipped: 0, Time elapsed: 0.002 sec <<< FAILURE! - in edu.ncsu.csc.itrust.unit.bean.ReportRequestBeanTest
testReportRequestBean(edu.ncsu.csc.itrust.unit.bean.ReportRequestBeanTest)  Time elapsed: 0 sec  <<< ERROR!
java.lang.NoClassDefFoundError: Could not initialize class edu.ncsu.csc.itrust.model.old.beans.ReportRequestBean
	at edu.ncsu.csc.itrust.unit.bean.ReportRequestBeanTest.testReportRequestBean(ReportRequestBeanTest.java:9)

testBadRequestedDate(edu.ncsu.csc.itrust.unit.bean.ReportRequestBeanTest)  Time elapsed: 0.001 sec  <<< ERROR!
java.lang.NoClassDefFoundError: Could not initialize class edu.ncsu.csc.itrust.model.old.beans.ReportRequestBean
	at edu.ncsu.csc.itrust.unit.bean.ReportRequestBeanTest.testBadRequestedDate(ReportRequestBeanTest.java:29)

Running edu.ncsu.csc.itrust.unit.bean.OverrideReasonBeanTest
Tests run: 1, Failures: 0, Errors: 0, Skipped: 0, Time elapsed: 0.001 sec - in edu.ncsu.csc.itrust.unit.bean.OverrideReasonBeanTest
Running edu.ncsu.csc.itrust.unit.bean.RecordsReleaseBeanTest
Tests run: 12, Failures: 0, Errors: 0, Skipped: 0, Time elapsed: 0.006 sec - in edu.ncsu.csc.itrust.unit.bean.RecordsReleaseBeanTest
Running edu.ncsu.csc.itrust.unit.bean.WardBeanTest
Tests run: 4, Failures: 0, Errors: 0, Skipped: 0, Time elapsed: 0.001 sec - in edu.ncsu.csc.itrust.unit.bean.WardBeanTest
Running edu.ncsu.csc.itrust.unit.bean.WardBeanLoaderTest
Tests run: 3, Failures: 0, Errors: 0, Skipped: 0, Time elapsed: 0.023 sec - in edu.ncsu.csc.itrust.unit.bean.WardBeanLoaderTest
Running edu.ncsu.csc.itrust.unit.bean.WardRoomBeanTest
Tests run: 6, Failures: 0, Errors: 0, Skipped: 0, Time elapsed: 0.004 sec - in edu.ncsu.csc.itrust.unit.bean.WardRoomBeanTest
Running edu.ncsu.csc.itrust.unit.bean.SurveyBeanTest
Tests run: 1, Failures: 0, Errors: 0, Skipped: 0, Time elapsed: 0.002 sec - in edu.ncsu.csc.itrust.unit.bean.SurveyBeanTest
Running edu.ncsu.csc.itrust.unit.bean.HCPLinkBeanTest
Tests run: 3, Failures: 0, Errors: 0, Skipped: 0, Time elapsed: 0.001 sec - in edu.ncsu.csc.itrust.unit.bean.HCPLinkBeanTest
Running edu.ncsu.csc.itrust.unit.bean.ApptRequestBeanTest
Tests run: 3, Failures: 0, Errors: 0, Skipped: 0, Time elapsed: 0.003 sec - in edu.ncsu.csc.itrust.unit.bean.ApptRequestBeanTest
Running edu.ncsu.csc.itrust.unit.bean.RatingComparatorTest
Tests run: 1, Failures: 0, Errors: 0, Skipped: 0, Time elapsed: 0.178 sec - in edu.ncsu.csc.itrust.unit.bean.RatingComparatorTest
Running edu.ncsu.csc.itrust.unit.bean.ZipCodeBeanTest
Tests run: 1, Failures: 0, Errors: 0, Skipped: 0, Time elapsed: 0.003 sec - in edu.ncsu.csc.itrust.unit.bean.ZipCodeBeanTest
Running edu.ncsu.csc.itrust.unit.bean.PersonnelBeanTest
Tests run: 1, Failures: 0, Errors: 0, Skipped: 0, Time elapsed: 0.001 sec - in edu.ncsu.csc.itrust.unit.bean.PersonnelBeanTest
Running edu.ncsu.csc.itrust.unit.bean.PatientBeanTest
Tests run: 3, Failures: 0, Errors: 0, Skipped: 0, Time elapsed: 0.002 sec - in edu.ncsu.csc.itrust.unit.bean.PatientBeanTest
Running edu.ncsu.csc.itrust.unit.bean.HospitalBeanTest
Tests run: 2, Failures: 0, Errors: 0, Skipped: 0, Time elapsed: 0.002 sec - in edu.ncsu.csc.itrust.unit.bean.HospitalBeanTest
Running edu.ncsu.csc.itrust.unit.bean.DistanceComparatorTest
edu.ncsu.csc.itrust.exception.DBException: A database exception has occurred. Please see the log in the console for stacktrace
	at edu.ncsu.csc.itrust.model.old.dao.mysql.ZipCodeDAO.getZipCode(ZipCodeDAO.java:40)
	at edu.ncsu.csc.itrust.action.ZipCodeAction.calcDistance(ZipCodeAction.java:49)
	at edu.ncsu.csc.itrust.model.old.beans.DistanceComparator.compare(DistanceComparator.java:16)
	at edu.ncsu.csc.itrust.unit.bean.DistanceComparatorTest.testComparatorEvil(DistanceComparatorTest.java:84)
	at sun.reflect.NativeMethodAccessorImpl.invoke0(Native Method)
	at sun.reflect.NativeMethodAccessorImpl.invoke(NativeMethodAccessorImpl.java:62)
	at sun.reflect.DelegatingMethodAccessorImpl.invoke(DelegatingMethodAccessorImpl.java:43)
	at java.lang.reflect.Method.invoke(Method.java:498)
	at junit.framework.TestCase.runTest(TestCase.java:176)
	at junit.framework.TestCase.runBare(TestCase.java:141)
	at junit.framework.TestResult$1.protect(TestResult.java:122)
	at junit.framework.TestResult.runProtected(TestResult.java:142)
	at junit.framework.TestResult.run(TestResult.java:125)
	at junit.framework.TestCase.run(TestCase.java:129)
	at junit.framework.TestSuite.runTest(TestSuite.java:252)
	at junit.framework.TestSuite.run(TestSuite.java:247)
	at org.junit.internal.runners.JUnit38ClassRunner.run(JUnit38ClassRunner.java:86)
	at org.apache.maven.surefire.junit4.JUnit4Provider.execute(JUnit4Provider.java:344)
	at org.apache.maven.surefire.junit4.JUnit4Provider.executeWithRerun(JUnit4Provider.java:269)
	at org.apache.maven.surefire.junit4.JUnit4Provider.executeTestSet(JUnit4Provider.java:240)
	at org.apache.maven.surefire.junit4.JUnit4Provider.invoke(JUnit4Provider.java:184)
	at org.apache.maven.surefire.booter.ForkedBooter.invokeProviderInSameClassLoader(ForkedBooter.java:286)
	at org.apache.maven.surefire.booter.ForkedBooter.runSuitesInProcess(ForkedBooter.java:240)
	at org.apache.maven.surefire.booter.ForkedBooter.main(ForkedBooter.java:121)
Tests run: 3, Failures: 0, Errors: 0, Skipped: 0, Time elapsed: 0.674 sec - in edu.ncsu.csc.itrust.unit.bean.DistanceComparatorTest
Running edu.ncsu.csc.itrust.unit.bean.ReviewsBeanLoaderTest
Tests run: 3, Failures: 0, Errors: 0, Skipped: 0, Time elapsed: 0.002 sec - in edu.ncsu.csc.itrust.unit.bean.ReviewsBeanLoaderTest
Running edu.ncsu.csc.itrust.unit.bean.WardRoomBeanLoaderTest
Tests run: 3, Failures: 0, Errors: 0, Skipped: 0, Time elapsed: 0.004 sec - in edu.ncsu.csc.itrust.unit.bean.WardRoomBeanLoaderTest
Running edu.ncsu.csc.itrust.unit.bean.TelemedicineBeanTest
Tests run: 3, Failures: 0, Errors: 0, Skipped: 0, Time elapsed: 0.002 sec - in edu.ncsu.csc.itrust.unit.bean.TelemedicineBeanTest
Running edu.ncsu.csc.itrust.unit.bean.MedicationBeanTest
Tests run: 3, Failures: 0, Errors: 0, Skipped: 0, Time elapsed: 0.001 sec - in edu.ncsu.csc.itrust.unit.bean.MedicationBeanTest
Running edu.ncsu.csc.itrust.unit.bean.VisitFlagBeanTest
Tests run: 1, Failures: 0, Errors: 0, Skipped: 0, Time elapsed: 0.002 sec - in edu.ncsu.csc.itrust.unit.bean.VisitFlagBeanTest
Running edu.ncsu.csc.itrust.unit.bean.ZipCodeLoaderTest
Tests run: 2, Failures: 0, Errors: 0, Skipped: 0, Time elapsed: 0.001 sec - in edu.ncsu.csc.itrust.unit.bean.ZipCodeLoaderTest
Running edu.ncsu.csc.itrust.unit.bean.BillingBeanLoaderTest
Tests run: 3, Failures: 0, Errors: 0, Skipped: 0, Time elapsed: 0.004 sec - in edu.ncsu.csc.itrust.unit.bean.BillingBeanLoaderTest
Running edu.ncsu.csc.itrust.unit.bean.GroupReportBeanTest
Tests run: 4, Failures: 0, Errors: 0, Skipped: 0, Time elapsed: 0.656 sec - in edu.ncsu.csc.itrust.unit.bean.GroupReportBeanTest
Running edu.ncsu.csc.itrust.unit.bean.EmailBeanTest
Tests run: 5, Failures: 0, Errors: 0, Skipped: 0, Time elapsed: 0.006 sec - in edu.ncsu.csc.itrust.unit.bean.EmailBeanTest
Running edu.ncsu.csc.itrust.unit.bean.BeanLoaderTest
Tests run: 1, Failures: 0, Errors: 0, Skipped: 0, Time elapsed: 0.001 sec - in edu.ncsu.csc.itrust.unit.bean.BeanLoaderTest
Running edu.ncsu.csc.itrust.unit.bean.SurveyResultBeanTest
Tests run: 1, Failures: 0, Errors: 0, Skipped: 0, Time elapsed: 0.002 sec - in edu.ncsu.csc.itrust.unit.bean.SurveyResultBeanTest
Running edu.ncsu.csc.itrust.unit.dao.standards.NDCodeTest
Tests run: 8, Failures: 0, Errors: 0, Skipped: 0, Time elapsed: 0.467 sec - in edu.ncsu.csc.itrust.unit.dao.standards.NDCodeTest
Running edu.ncsu.csc.itrust.unit.dao.standards.NDDAOExceptionTest
Tests run: 4, Failures: 0, Errors: 0, Skipped: 0, Time elapsed: 0.005 sec - in edu.ncsu.csc.itrust.unit.dao.standards.NDDAOExceptionTest
Running edu.ncsu.csc.itrust.unit.dao.appointment.ApptRequestDAOTest
Tests run: 5, Failures: 0, Errors: 0, Skipped: 0, Time elapsed: 0.888 sec - in edu.ncsu.csc.itrust.unit.dao.appointment.ApptRequestDAOTest
Running edu.ncsu.csc.itrust.unit.dao.appointment.ApptDAOTest
Tests run: 6, Failures: 0, Errors: 0, Skipped: 0, Time elapsed: 0.363 sec - in edu.ncsu.csc.itrust.unit.dao.appointment.ApptDAOTest
Running edu.ncsu.csc.itrust.unit.dao.transaction.TransactionDAOExceptionTest
Tests run: 3, Failures: 0, Errors: 0, Skipped: 0, Time elapsed: 0 sec - in edu.ncsu.csc.itrust.unit.dao.transaction.TransactionDAOExceptionTest
Running edu.ncsu.csc.itrust.unit.dao.transaction.LogTransactionTest
Tests run: 5, Failures: 0, Errors: 0, Skipped: 0, Time elapsed: 0.294 sec - in edu.ncsu.csc.itrust.unit.dao.transaction.LogTransactionTest
Running edu.ncsu.csc.itrust.unit.dao.transaction.AccessRecordTest
Tests run: 2, Failures: 0, Errors: 0, Skipped: 0, Time elapsed: 0.121 sec - in edu.ncsu.csc.itrust.unit.dao.transaction.AccessRecordTest
Running edu.ncsu.csc.itrust.unit.dao.transaction.OperationalProfileTest
Tests run: 2, Failures: 0, Errors: 1, Skipped: 0, Time elapsed: 0.112 sec <<< FAILURE! - in edu.ncsu.csc.itrust.unit.dao.transaction.OperationalProfileTest
testGetOperationalProfile(edu.ncsu.csc.itrust.unit.dao.transaction.OperationalProfileTest)  Time elapsed: 0.056 sec  <<< ERROR!
java.lang.NullPointerException
	at edu.ncsu.csc.itrust.unit.dao.transaction.OperationalProfileTest.testGetOperationalProfile(OperationalProfileTest.java:33)

Running edu.ncsu.csc.itrust.unit.dao.WardDAOTest
Tests run: 16, Failures: 0, Errors: 0, Skipped: 0, Time elapsed: 0.014 sec - in edu.ncsu.csc.itrust.unit.dao.WardDAOTest
Running edu.ncsu.csc.itrust.unit.dao.reviews.ReviewsDAOTest
Tests run: 9, Failures: 0, Errors: 0, Skipped: 0, Time elapsed: 1.486 sec - in edu.ncsu.csc.itrust.unit.dao.reviews.ReviewsDAOTest
Running edu.ncsu.csc.itrust.unit.dao.remotemonitoring.PatientListTest
Tests run: 1, Failures: 0, Errors: 0, Skipped: 0, Time elapsed: 0.058 sec - in edu.ncsu.csc.itrust.unit.dao.remotemonitoring.PatientListTest
Running edu.ncsu.csc.itrust.unit.dao.remotemonitoring.PatientDataTest
Tests run: 9, Failures: 0, Errors: 0, Skipped: 0, Time elapsed: 0.559 sec - in edu.ncsu.csc.itrust.unit.dao.remotemonitoring.PatientDataTest
Running edu.ncsu.csc.itrust.unit.dao.family.FamilyDAOExceptionTest
Tests run: 1, Failures: 0, Errors: 0, Skipped: 0, Time elapsed: 0 sec - in edu.ncsu.csc.itrust.unit.dao.family.FamilyDAOExceptionTest
Running edu.ncsu.csc.itrust.unit.dao.family.FamilyMembersTest
Tests run: 5, Failures: 0, Errors: 0, Skipped: 0, Time elapsed: 0.295 sec - in edu.ncsu.csc.itrust.unit.dao.family.FamilyMembersTest
Running edu.ncsu.csc.itrust.unit.dao.hospital.AssignHospitalDAOTest
Tests run: 3, Failures: 0, Errors: 0, Skipped: 0, Time elapsed: 0.177 sec - in edu.ncsu.csc.itrust.unit.dao.hospital.AssignHospitalDAOTest
Running edu.ncsu.csc.itrust.unit.dao.hospital.AddEditHospitalDAOTest
Tests run: 8, Failures: 0, Errors: 0, Skipped: 0, Time elapsed: 0.475 sec - in edu.ncsu.csc.itrust.unit.dao.hospital.AddEditHospitalDAOTest
Running edu.ncsu.csc.itrust.unit.dao.hospital.HospitalDAOExceptionTest
Tests run: 7, Failures: 0, Errors: 0, Skipped: 0, Time elapsed: 0.002 sec - in edu.ncsu.csc.itrust.unit.dao.hospital.HospitalDAOExceptionTest
Running edu.ncsu.csc.itrust.unit.dao.fakeemail.EmailTest
Tests run: 3, Failures: 0, Errors: 0, Skipped: 0, Time elapsed: 0.009 sec - in edu.ncsu.csc.itrust.unit.dao.fakeemail.EmailTest
Running edu.ncsu.csc.itrust.unit.dao.fakeemail.EmailExceptionTest
Tests run: 3, Failures: 0, Errors: 0, Skipped: 0, Time elapsed: 0.002 sec - in edu.ncsu.csc.itrust.unit.dao.fakeemail.EmailExceptionTest
Running edu.ncsu.csc.itrust.unit.dao.druginteraction.DrugInteractionDAOTest
Tests run: 4, Failures: 0, Errors: 0, Skipped: 0, Time elapsed: 0.228 sec - in edu.ncsu.csc.itrust.unit.dao.druginteraction.DrugInteractionDAOTest
Running edu.ncsu.csc.itrust.unit.dao.DAOFactoryTest
Tests run: 1, Failures: 0, Errors: 0, Skipped: 0, Time elapsed: 0.001 sec - in edu.ncsu.csc.itrust.unit.dao.DAOFactoryTest
Running edu.ncsu.csc.itrust.unit.dao.billing.BillingDAOTest
Tests run: 11, Failures: 0, Errors: 0, Skipped: 0, Time elapsed: 1.695 sec - in edu.ncsu.csc.itrust.unit.dao.billing.BillingDAOTest
Running edu.ncsu.csc.itrust.unit.dao.allergies.AddAllergiesTest
Tests run: 1, Failures: 0, Errors: 0, Skipped: 0, Time elapsed: 0.055 sec - in edu.ncsu.csc.itrust.unit.dao.allergies.AddAllergiesTest
Running edu.ncsu.csc.itrust.unit.dao.allergies.GetAllergiesTest
Tests run: 2, Failures: 0, Errors: 0, Skipped: 0, Time elapsed: 0.114 sec - in edu.ncsu.csc.itrust.unit.dao.allergies.GetAllergiesTest
Running edu.ncsu.csc.itrust.unit.dao.allergies.AllergyDAOExceptionTest
Tests run: 2, Failures: 0, Errors: 0, Skipped: 0, Time elapsed: 0.002 sec - in edu.ncsu.csc.itrust.unit.dao.allergies.AllergyDAOExceptionTest
Running edu.ncsu.csc.itrust.unit.dao.AutoIncrementTest
Tests run: 1, Failures: 0, Errors: 0, Skipped: 0, Time elapsed: 0.02 sec - in edu.ncsu.csc.itrust.unit.dao.AutoIncrementTest
Running edu.ncsu.csc.itrust.unit.dao.patient.DeclareHCPTest
Tests run: 6, Failures: 0, Errors: 0, Skipped: 0, Time elapsed: 0.358 sec - in edu.ncsu.csc.itrust.unit.dao.patient.DeclareHCPTest
Running edu.ncsu.csc.itrust.unit.dao.patient.EditPatientTest
Tests run: 4, Failures: 0, Errors: 0, Skipped: 0, Time elapsed: 0.248 sec - in edu.ncsu.csc.itrust.unit.dao.patient.EditPatientTest
Running edu.ncsu.csc.itrust.unit.dao.patient.RepresentativeTest
Tests run: 10, Failures: 0, Errors: 0, Skipped: 0, Time elapsed: 0.598 sec - in edu.ncsu.csc.itrust.unit.dao.patient.RepresentativeTest
Running edu.ncsu.csc.itrust.unit.dao.patient.PatientExistsTest
Tests run: 3, Failures: 0, Errors: 0, Skipped: 0, Time elapsed: 0.182 sec - in edu.ncsu.csc.itrust.unit.dao.patient.PatientExistsTest
Running edu.ncsu.csc.itrust.unit.dao.patient.AddPatientTest
Tests run: 4, Failures: 0, Errors: 0, Skipped: 0, Time elapsed: 0.237 sec - in edu.ncsu.csc.itrust.unit.dao.patient.AddPatientTest
Running edu.ncsu.csc.itrust.unit.dao.patient.PatientDAOExceptionTest
Tests run: 13, Failures: 0, Errors: 0, Skipped: 0, Time elapsed: 0.007 sec - in edu.ncsu.csc.itrust.unit.dao.patient.PatientDAOExceptionTest
Running edu.ncsu.csc.itrust.unit.dao.reportrequest.ReportRequestDAOTest
Tests run: 10, Failures: 0, Errors: 6, Skipped: 0, Time elapsed: 0.569 sec <<< FAILURE! - in edu.ncsu.csc.itrust.unit.dao.reportrequest.ReportRequestDAOTest
testGetReportsCheckListPatient(edu.ncsu.csc.itrust.unit.dao.reportrequest.ReportRequestDAOTest)  Time elapsed: 0.057 sec  <<< ERROR!
java.lang.NoClassDefFoundError: Could not initialize class edu.ncsu.csc.itrust.model.old.beans.ReportRequestBean
	at edu.ncsu.csc.itrust.unit.dao.reportrequest.ReportRequestDAOTest.testGetReportsCheckListPatient(ReportRequestDAOTest.java:47)

testAddThenRetrieveReport(edu.ncsu.csc.itrust.unit.dao.reportrequest.ReportRequestDAOTest)  Time elapsed: 0.057 sec  <<< ERROR!
java.lang.NoClassDefFoundError: Could not initialize class edu.ncsu.csc.itrust.model.old.beans.ReportRequestBean
	at edu.ncsu.csc.itrust.unit.dao.reportrequest.ReportRequestDAOTest.testAddThenRetrieveReport(ReportRequestDAOTest.java:91)

testGetSpecificReport4CheckDetails(edu.ncsu.csc.itrust.unit.dao.reportrequest.ReportRequestDAOTest)  Time elapsed: 0.056 sec  <<< ERROR!
java.lang.NoClassDefFoundError: Could not initialize class edu.ncsu.csc.itrust.model.old.beans.ReportRequestBean
	at edu.ncsu.csc.itrust.unit.dao.reportrequest.ReportRequestDAOTest.testGetSpecificReport4CheckDetails(ReportRequestDAOTest.java:70)

testGetSpecificReport3CheckDetails(edu.ncsu.csc.itrust.unit.dao.reportrequest.ReportRequestDAOTest)  Time elapsed: 0.057 sec  <<< ERROR!
java.lang.NoClassDefFoundError: Could not initialize class edu.ncsu.csc.itrust.model.old.beans.ReportRequestBean
	at edu.ncsu.csc.itrust.unit.dao.reportrequest.ReportRequestDAOTest.testGetSpecificReport3CheckDetails(ReportRequestDAOTest.java:62)

testGetReportsCheckListRequester(edu.ncsu.csc.itrust.unit.dao.reportrequest.ReportRequestDAOTest)  Time elapsed: 0.055 sec  <<< ERROR!
java.lang.NoClassDefFoundError: Could not initialize class edu.ncsu.csc.itrust.model.old.beans.ReportRequestBean
	at edu.ncsu.csc.itrust.unit.dao.reportrequest.ReportRequestDAOTest.testGetReportsCheckListRequester(ReportRequestDAOTest.java:41)

testAddThenSetViewed(edu.ncsu.csc.itrust.unit.dao.reportrequest.ReportRequestDAOTest)  Time elapsed: 0.057 sec  <<< ERROR!
java.lang.NoClassDefFoundError: Could not initialize class edu.ncsu.csc.itrust.model.old.beans.ReportRequestBean
	at edu.ncsu.csc.itrust.unit.dao.reportrequest.ReportRequestDAOTest.testAddThenSetViewed(ReportRequestDAOTest.java:111)

Running edu.ncsu.csc.itrust.unit.dao.DBUtilTest
Error closing connections
java.sql.SQLException: Context Lookup Naming Exception: Need to specify class name in environment or system property, or as an applet parameter, or in an application resource file:  java.naming.factory.initial
Tests run: 3, Failures: 0, Errors: 0, Skipped: 0, Time elapsed: 0.006 sec - in edu.ncsu.csc.itrust.unit.dao.DBUtilTest
Running edu.ncsu.csc.itrust.unit.dao.auth.UserExistsTest
Tests run: 1, Failures: 0, Errors: 0, Skipped: 0, Time elapsed: 0.061 sec - in edu.ncsu.csc.itrust.unit.dao.auth.UserExistsTest
Running edu.ncsu.csc.itrust.unit.dao.auth.AddUserTest
Tests run: 3, Failures: 0, Errors: 0, Skipped: 0, Time elapsed: 0.17 sec - in edu.ncsu.csc.itrust.unit.dao.auth.AddUserTest
Running edu.ncsu.csc.itrust.unit.dao.auth.GetUserNameTest
Tests run: 3, Failures: 0, Errors: 0, Skipped: 0, Time elapsed: 0.176 sec - in edu.ncsu.csc.itrust.unit.dao.auth.GetUserNameTest
Running edu.ncsu.csc.itrust.unit.dao.auth.ResetPasswordTest
Tests run: 5, Failures: 0, Errors: 0, Skipped: 0, Time elapsed: 0.304 sec - in edu.ncsu.csc.itrust.unit.dao.auth.ResetPasswordTest
Running edu.ncsu.csc.itrust.unit.dao.auth.GetUserRoleTest
Tests run: 1, Failures: 0, Errors: 0, Skipped: 0, Time elapsed: 0.059 sec - in edu.ncsu.csc.itrust.unit.dao.auth.GetUserRoleTest
Running edu.ncsu.csc.itrust.unit.dao.auth.CheckUserActivatedTest
Tests run: 2, Failures: 0, Errors: 0, Skipped: 0, Time elapsed: 0.328 sec - in edu.ncsu.csc.itrust.unit.dao.auth.CheckUserActivatedTest
Running edu.ncsu.csc.itrust.unit.dao.auth.AuthDAOExceptionTest
Tests run: 13, Failures: 0, Errors: 0, Skipped: 0, Time elapsed: 0.005 sec - in edu.ncsu.csc.itrust.unit.dao.auth.AuthDAOExceptionTest
Running edu.ncsu.csc.itrust.unit.dao.auth.RecordLoginFailureTest
Tests run: 2, Failures: 0, Errors: 0, Skipped: 0, Time elapsed: 0.007 sec - in edu.ncsu.csc.itrust.unit.dao.auth.RecordLoginFailureTest
Running edu.ncsu.csc.itrust.unit.dao.auth.GetLoginFailureTest
Tests run: 3, Failures: 0, Errors: 0, Skipped: 0, Time elapsed: 0.006 sec - in edu.ncsu.csc.itrust.unit.dao.auth.GetLoginFailureTest
Running edu.ncsu.csc.itrust.unit.dao.recordsrelease.RecordsReleaseDAOTest
Tests run: 6, Failures: 0, Errors: 0, Skipped: 0, Time elapsed: 0.374 sec - in edu.ncsu.csc.itrust.unit.dao.recordsrelease.RecordsReleaseDAOTest
Running edu.ncsu.csc.itrust.unit.dao.access.GetSessionTimeoutTest
Tests run: 2, Failures: 0, Errors: 0, Skipped: 0, Time elapsed: 0.005 sec - in edu.ncsu.csc.itrust.unit.dao.access.GetSessionTimeoutTest
Running edu.ncsu.csc.itrust.unit.dao.access.AccessDAOExceptionTest
Tests run: 4, Failures: 0, Errors: 0, Skipped: 0, Time elapsed: 0 sec - in edu.ncsu.csc.itrust.unit.dao.access.AccessDAOExceptionTest
Running edu.ncsu.csc.itrust.unit.dao.personnel.PersonnelExistsTest
Tests run: 2, Failures: 0, Errors: 0, Skipped: 0, Time elapsed: 0.228 sec - in edu.ncsu.csc.itrust.unit.dao.personnel.PersonnelExistsTest
Running edu.ncsu.csc.itrust.unit.dao.personnel.PersonnelDAOExceptionTest
Tests run: 7, Failures: 0, Errors: 0, Skipped: 0, Time elapsed: 0 sec - in edu.ncsu.csc.itrust.unit.dao.personnel.PersonnelDAOExceptionTest
Running edu.ncsu.csc.itrust.unit.dao.personnel.AddPersonnelTest
Tests run: 4, Failures: 0, Errors: 0, Skipped: 0, Time elapsed: 0.232 sec - in edu.ncsu.csc.itrust.unit.dao.personnel.AddPersonnelTest
Running edu.ncsu.csc.itrust.unit.dao.personnel.EditPersonnelTest
Tests run: 6, Failures: 0, Errors: 0, Skipped: 0, Time elapsed: 0.897 sec - in edu.ncsu.csc.itrust.unit.dao.personnel.EditPersonnelTest
Running edu.ncsu.csc.itrust.unit.exception.AddPatientFileExceptionTest
Tests run: 1, Failures: 0, Errors: 0, Skipped: 0, Time elapsed: 0 sec - in edu.ncsu.csc.itrust.unit.exception.AddPatientFileExceptionTest
Running edu.ncsu.csc.itrust.unit.exception.FormValidationExceptionTest
Tests run: 1, Failures: 0, Errors: 0, Skipped: 0, Time elapsed: 0 sec - in edu.ncsu.csc.itrust.unit.exception.FormValidationExceptionTest
Running edu.ncsu.csc.itrust.unit.CSVParserTest
Tests run: 6, Failures: 0, Errors: 0, Skipped: 0, Time elapsed: 0 sec - in edu.ncsu.csc.itrust.unit.CSVParserTest
Running edu.ncsu.csc.itrust.unit.db.DBBuilderTest
Tests run: 1, Failures: 0, Errors: 0, Skipped: 0, Time elapsed: 0.193 sec - in edu.ncsu.csc.itrust.unit.db.DBBuilderTest
Running edu.ncsu.csc.itrust.unit.db.DBUtilTest
Tests run: 2, Failures: 0, Errors: 0, Skipped: 0, Time elapsed: 0 sec - in edu.ncsu.csc.itrust.unit.db.DBUtilTest
Running edu.ncsu.csc.itrust.unit.validate.BeanValidatorTest
Tests run: 10, Failures: 0, Errors: 0, Skipped: 0, Time elapsed: 0.003 sec - in edu.ncsu.csc.itrust.unit.validate.BeanValidatorTest
Running edu.ncsu.csc.itrust.unit.validate.TestMailValidator
Tests run: 1, Failures: 0, Errors: 0, Skipped: 0, Time elapsed: 0.053 sec - in edu.ncsu.csc.itrust.unit.validate.TestMailValidator
Running edu.ncsu.csc.itrust.unit.validate.bean.HospitalBeanValidatorTest
Tests run: 2, Failures: 0, Errors: 0, Skipped: 0, Time elapsed: 0.001 sec - in edu.ncsu.csc.itrust.unit.validate.bean.HospitalBeanValidatorTest
Running edu.ncsu.csc.itrust.unit.validate.bean.AddPersonnelValidatorTest
Tests run: 2, Failures: 0, Errors: 0, Skipped: 0, Time elapsed: 0.003 sec - in edu.ncsu.csc.itrust.unit.validate.bean.AddPersonnelValidatorTest
Running edu.ncsu.csc.itrust.unit.validate.bean.MedicationBeanValidatorTest
Tests run: 2, Failures: 0, Errors: 0, Skipped: 0, Time elapsed: 0.001 sec - in edu.ncsu.csc.itrust.unit.validate.bean.MedicationBeanValidatorTest
Running edu.ncsu.csc.itrust.unit.validate.bean.SecurityQuestionValidatorTest
Tests run: 5, Failures: 0, Errors: 0, Skipped: 0, Time elapsed: 0.002 sec - in edu.ncsu.csc.itrust.unit.validate.bean.SecurityQuestionValidatorTest
Running edu.ncsu.csc.itrust.unit.validate.bean.AllergyBeanValidatorTest
Tests run: 2, Failures: 0, Errors: 0, Skipped: 0, Time elapsed: 0.002 sec - in edu.ncsu.csc.itrust.unit.validate.bean.AllergyBeanValidatorTest
Running edu.ncsu.csc.itrust.unit.validate.bean.AddPatientValidatorTest
Tests run: 2, Failures: 0, Errors: 0, Skipped: 0, Time elapsed: 0.003 sec - in edu.ncsu.csc.itrust.unit.validate.bean.AddPatientValidatorTest
Running edu.ncsu.csc.itrust.unit.validate.bean.PatientValidatorTest
Tests run: 9, Failures: 0, Errors: 0, Skipped: 0, Time elapsed: 0.011 sec - in edu.ncsu.csc.itrust.unit.validate.bean.PatientValidatorTest
Running edu.ncsu.csc.itrust.unit.validate.regex.ZipcodeValidatorTest
Tests run: 4, Failures: 0, Errors: 0, Skipped: 0, Time elapsed: 0.002 sec - in edu.ncsu.csc.itrust.unit.validate.regex.ZipcodeValidatorTest
Running edu.ncsu.csc.itrust.unit.validate.regex.NotesValidatorTest
Tests run: 2, Failures: 0, Errors: 0, Skipped: 0, Time elapsed: 0.001 sec - in edu.ncsu.csc.itrust.unit.validate.regex.NotesValidatorTest
Running edu.ncsu.csc.itrust.unit.validate.regex.QuestionValidatorTest
Tests run: 3, Failures: 0, Errors: 0, Skipped: 0, Time elapsed: 0.001 sec - in edu.ncsu.csc.itrust.unit.validate.regex.QuestionValidatorTest
Running edu.ncsu.csc.itrust.unit.validate.regex.PhoneValidatorTest
Tests run: 3, Failures: 0, Errors: 0, Skipped: 0, Time elapsed: 0.001 sec - in edu.ncsu.csc.itrust.unit.validate.regex.PhoneValidatorTest
Running edu.ncsu.csc.itrust.unit.validate.regex.DateValidatorTest
Tests run: 2, Failures: 0, Errors: 0, Skipped: 0, Time elapsed: 0.001 sec - in edu.ncsu.csc.itrust.unit.validate.regex.DateValidatorTest
Running edu.ncsu.csc.itrust.unit.validate.regex.CodeDescriptionValidatorTest
Tests run: 2, Failures: 0, Errors: 0, Skipped: 0, Time elapsed: 0.001 sec - in edu.ncsu.csc.itrust.unit.validate.regex.CodeDescriptionValidatorTest
Running edu.ncsu.csc.itrust.unit.validate.regex.GenderValidatorTest
Tests run: 3, Failures: 0, Errors: 0, Skipped: 0, Time elapsed: 0.001 sec - in edu.ncsu.csc.itrust.unit.validate.regex.GenderValidatorTest
Running edu.ncsu.csc.itrust.unit.validate.regex.InsuranceIDValidatorTest
Tests run: 4, Failures: 0, Errors: 0, Skipped: 0, Time elapsed: 0.002 sec - in edu.ncsu.csc.itrust.unit.validate.regex.InsuranceIDValidatorTest
Running edu.ncsu.csc.itrust.unit.validate.regex.PasswordValidatorTest
Tests run: 3, Failures: 0, Errors: 0, Skipped: 0, Time elapsed: 0.001 sec - in edu.ncsu.csc.itrust.unit.validate.regex.PasswordValidatorTest
Running edu.ncsu.csc.itrust.unit.validate.regex.MIDValidatorTest
Tests run: 4, Failures: 0, Errors: 0, Skipped: 0, Time elapsed: 0.002 sec - in edu.ncsu.csc.itrust.unit.validate.regex.MIDValidatorTest
Running edu.ncsu.csc.itrust.unit.validate.regex.EmailValidatorTest
Tests run: 6, Failures: 0, Errors: 0, Skipped: 0, Time elapsed: 0.002 sec - in edu.ncsu.csc.itrust.unit.validate.regex.EmailValidatorTest
Running edu.ncsu.csc.itrust.unit.validate.regex.BloodTypeValidatorTest
Tests run: 6, Failures: 0, Errors: 0, Skipped: 0, Time elapsed: 0.002 sec - in edu.ncsu.csc.itrust.unit.validate.regex.BloodTypeValidatorTest
Running edu.ncsu.csc.itrust.unit.validate.regex.ICD9CMValidatorTest
Tests run: 7, Failures: 0, Errors: 0, Skipped: 0, Time elapsed: 0.002 sec - in edu.ncsu.csc.itrust.unit.validate.regex.ICD9CMValidatorTest
Running edu.ncsu.csc.itrust.unit.validate.regex.CityValidatorTest
Tests run: 3, Failures: 0, Errors: 0, Skipped: 0, Time elapsed: 0.002 sec - in edu.ncsu.csc.itrust.unit.validate.regex.CityValidatorTest
Running edu.ncsu.csc.itrust.unit.validate.regex.HospitalIDValidatorTest
Tests run: 5, Failures: 0, Errors: 0, Skipped: 0, Time elapsed: 0.002 sec - in edu.ncsu.csc.itrust.unit.validate.regex.HospitalIDValidatorTest
Running edu.ncsu.csc.itrust.unit.validate.regex.StateValidatorTest
Tests run: 4, Failures: 0, Errors: 0, Skipped: 0, Time elapsed: 0.002 sec - in edu.ncsu.csc.itrust.unit.validate.regex.StateValidatorTest
Running edu.ncsu.csc.itrust.unit.validate.regex.HospitalNameValidatorTest
Tests run: 4, Failures: 0, Errors: 0, Skipped: 0, Time elapsed: 0.002 sec - in edu.ncsu.csc.itrust.unit.validate.regex.HospitalNameValidatorTest
Running edu.ncsu.csc.itrust.unit.validate.regex.CPTCodeValidatorTest
Tests run: 3, Failures: 0, Errors: 0, Skipped: 0, Time elapsed: 0.001 sec - in edu.ncsu.csc.itrust.unit.validate.regex.CPTCodeValidatorTest
Running edu.ncsu.csc.itrust.unit.validate.regex.NDCodeValidatorTest
Tests run: 3, Failures: 0, Errors: 0, Skipped: 0, Time elapsed: 0.001 sec - in edu.ncsu.csc.itrust.unit.validate.regex.NDCodeValidatorTest
Running edu.ncsu.csc.itrust.unit.validate.regex.NameValidatorTest
Tests run: 4, Failures: 0, Errors: 0, Skipped: 0, Time elapsed: 0.001 sec - in edu.ncsu.csc.itrust.unit.validate.regex.NameValidatorTest
Running edu.ncsu.csc.itrust.unit.validate.regex.AnswerValidatorTest
Tests run: 3, Failures: 0, Errors: 0, Skipped: 0, Time elapsed: 0.002 sec - in edu.ncsu.csc.itrust.unit.validate.regex.AnswerValidatorTest
Running edu.ncsu.csc.itrust.unit.webutils.SessionUtilsTest
Tests run: 12, Failures: 5, Errors: 0, Skipped: 0, Time elapsed: 0.011 sec <<< FAILURE! - in edu.ncsu.csc.itrust.unit.webutils.SessionUtilsTest
testGetCurrentPatientMID(edu.ncsu.csc.itrust.unit.webutils.SessionUtilsTest)  Time elapsed: 0.001 sec  <<< FAILURE!
java.lang.AssertionError: expected:<456> but was:<null>
	at edu.ncsu.csc.itrust.unit.webutils.SessionUtilsTest.testGetCurrentPatientMID(SessionUtilsTest.java:90)

testGetSessionLoggedInMIDLong(edu.ncsu.csc.itrust.unit.webutils.SessionUtilsTest)  Time elapsed: 0.001 sec  <<< FAILURE!
java.lang.AssertionError: expected:<34> but was:<null>
	at edu.ncsu.csc.itrust.unit.webutils.SessionUtilsTest.testGetSessionLoggedInMIDLong(SessionUtilsTest.java:81)

testGetSessionPID(edu.ncsu.csc.itrust.unit.webutils.SessionUtilsTest)  Time elapsed: 0.001 sec  <<< FAILURE!
java.lang.AssertionError: expected:<some pid> but was:<null>
	at edu.ncsu.csc.itrust.unit.webutils.SessionUtilsTest.testGetSessionPID(SessionUtilsTest.java:67)

testGetCurrentPatientMIDLong(edu.ncsu.csc.itrust.unit.webutils.SessionUtilsTest)  Time elapsed: 0.001 sec  <<< FAILURE!
java.lang.AssertionError: expected:<456> but was:<null>
	at edu.ncsu.csc.itrust.unit.webutils.SessionUtilsTest.testGetCurrentPatientMIDLong(SessionUtilsTest.java:102)

testGetSessionLoggedInMID(edu.ncsu.csc.itrust.unit.webutils.SessionUtilsTest)  Time elapsed: 0.001 sec  <<< FAILURE!
java.lang.AssertionError: expected:<123> but was:<null>
	at edu.ncsu.csc.itrust.unit.webutils.SessionUtilsTest.testGetSessionLoggedInMID(SessionUtilsTest.java:74)

Running edu.ncsu.csc.itrust.unit.XmlGeneratorTest
PatientReport
2 Patient 
Tests run: 2, Failures: 0, Errors: 0, Skipped: 0, Time elapsed: 0.005 sec - in edu.ncsu.csc.itrust.unit.XmlGeneratorTest
Running edu.ncsu.csc.itrust.unit.enums.StateTest
Tests run: 1, Failures: 0, Errors: 0, Skipped: 0, Time elapsed: 0 sec - in edu.ncsu.csc.itrust.unit.enums.StateTest
Running edu.ncsu.csc.itrust.unit.enums.BloodTypeTest
Tests run: 1, Failures: 0, Errors: 0, Skipped: 0, Time elapsed: 0.001 sec - in edu.ncsu.csc.itrust.unit.enums.BloodTypeTest
Running edu.ncsu.csc.itrust.unit.enums.EthnicityTest
Tests run: 1, Failures: 0, Errors: 0, Skipped: 0, Time elapsed: 0.001 sec - in edu.ncsu.csc.itrust.unit.enums.EthnicityTest
Running edu.ncsu.csc.itrust.unit.enums.TransactionTypeTest
Tests run: 2, Failures: 0, Errors: 0, Skipped: 0, Time elapsed: 0.002 sec - in edu.ncsu.csc.itrust.unit.enums.TransactionTypeTest
Running edu.ncsu.csc.itrust.unit.MessagesTest
Tests run: 1, Failures: 0, Errors: 1, Skipped: 0, Time elapsed: 0.001 sec <<< FAILURE! - in edu.ncsu.csc.itrust.unit.MessagesTest
testGetString(edu.ncsu.csc.itrust.unit.MessagesTest)  Time elapsed: 0.001 sec  <<< ERROR!
java.lang.NoClassDefFoundError: Could not initialize class edu.ncsu.csc.itrust.Messages
	at edu.ncsu.csc.itrust.unit.MessagesTest.testGetString(MessagesTest.java:9)

Running edu.ncsu.csc.itrust.unit.ParameterUtilTest
Tests run: 1, Failures: 0, Errors: 0, Skipped: 0, Time elapsed: 0.001 sec - in edu.ncsu.csc.itrust.unit.ParameterUtilTest

Results :

Failed tests: 
  CPTCodeControllerTest.testGetters:145 expected:<1> but was:<0>
  CPTCodeControllerTest.testRemove:120 expected:<1> but was:<0>
  LabProcedureControllerTest.testSetLabProcedureToReceivedStatus:330 
Argument(s) are different! Wanted:
labProcedureController.printFacesMessage(
    INFO 0,
    <any>,
    <any>,
    <any>
);
-> at edu.ncsu.csc.itrust.unit.controller.labProcedure.LabProcedureControllerTest.testSetLabProcedureToReceivedStatus(LabProcedureControllerTest.java:330)
Actual invocation has different arguments:
labProcedureController.printFacesMessage(
    ERROR 2,
    "Something went wrong and the action couldn't be completed.",
    "Something went wrong and the action couldn't be completed.",
    null
);
-> at edu.ncsu.csc.itrust.unit.controller.labProcedure.LabProcedureControllerTest.testSetLabProcedureToReceivedStatus(LabProcedureControllerTest.java:328)

  SessionUtilsTest.testGetCurrentPatientMID:90 expected:<456> but was:<null>
  SessionUtilsTest.testGetCurrentPatientMIDLong:102 expected:<456> but was:<null>
  SessionUtilsTest.testGetSessionLoggedInMID:74 expected:<123> but was:<null>
  SessionUtilsTest.testGetSessionLoggedInMIDLong:81 expected:<34> but was:<null>
  SessionUtilsTest.testGetSessionPID:67 expected:<some pid> but was:<null>
junit.framework.TestSuite$1.warning(junit.framework.TestSuite$1)
  Run 1: TestSuite$1.warning Exception in constructor: testGetPatientl (java.lang.NullPointerException
	at edu.ncsu.csc.itrust.action.ViewReportAction.<init>(ViewReportAction.java:26)
	at edu.ncsu.csc.itrust.action.ViewReportAction.<init>(ViewReportAction.java:35)
	at edu.ncsu.csc.itrust.unit.action.ViewReportActionTest.<init>(ViewReportActionTest.java:17)
	at sun.reflect.NativeConstructorAccessorImpl.newInstance0(Native Method)
	at sun.reflect.NativeConstructorAccessorImpl.newInstance(NativeConstructorAccessorImpl.java:62)
	at sun.reflect.DelegatingConstructorAccessorImpl.newInstance(DelegatingConstructorAccessorImpl.java:45)
	at java.lang.reflect.Constructor.newInstance(Constructor.java:423)
	at junit.framework.TestSuite.createTest(TestSuite.java:60)
	at junit.framework.TestSuite.addTestMethod(TestSuite.java:307)
	at junit.framework.TestSuite.addTestsFromTestCase(TestSuite.java:150)
	at junit.framework.TestSuite.<init>(TestSuite.java:129)
	at org.junit.internal.runners.JUnit38ClassRunner.<init>(JUnit38ClassRunner.java:74)
	at org.junit.internal.builders.JUnit3Builder.runnerForClass(JUnit3Builder.java:11)
	at org.junit.runners.model.RunnerBuilder.safeRunnerForClass(RunnerBuilder.java:59)
	at org.junit.internal.builders.AllDefaultPossibilitiesBuilder.runnerForClass(AllDefaultPossibilitiesBuilder.java:26)
	at org.junit.runners.model.RunnerBuilder.safeRunnerForClass(RunnerBuilder.java:59)
	at org.junit.internal.requests.ClassRequest.getRunner(ClassRequest.java:33)
	at org.junit.internal.requests.FilterRequest.getRunner(FilterRequest.java:36)
	at org.apache.maven.surefire.junit4.JUnit4Provider.execute(JUnit4Provider.java:341)
	at org.apache.maven.surefire.junit4.JUnit4Provider.executeWithRerun(JUnit4Provider.java:269)
	at org.apache.maven.surefire.junit4.JUnit4Provider.executeTestSet(JUnit4Provider.java:240)
	at org.apache.maven.surefire.junit4.JUnit4Provider.invoke(JUnit4Provider.java:184)
	at org.apache.maven.surefire.booter.ForkedBooter.invokeProviderInSameClassLoader(ForkedBooter.java:286)
	at org.apache.maven.surefire.booter.ForkedBooter.runSuitesInProcess(ForkedBooter.java:240)
	at org.apache.maven.surefire.booter.ForkedBooter.main(ForkedBooter.java:121)
)
  Run 2: TestSuite$1.warning Exception in constructor: testGetDeclaredHCPs (java.lang.NullPointerException
	at edu.ncsu.csc.itrust.action.ViewReportAction.<init>(ViewReportAction.java:26)
	at edu.ncsu.csc.itrust.action.ViewReportAction.<init>(ViewReportAction.java:35)
	at edu.ncsu.csc.itrust.unit.action.ViewReportActionTest.<init>(ViewReportActionTest.java:17)
	at sun.reflect.NativeConstructorAccessorImpl.newInstance0(Native Method)
	at sun.reflect.NativeConstructorAccessorImpl.newInstance(NativeConstructorAccessorImpl.java:62)
	at sun.reflect.DelegatingConstructorAccessorImpl.newInstance(DelegatingConstructorAccessorImpl.java:45)
	at java.lang.reflect.Constructor.newInstance(Constructor.java:423)
	at junit.framework.TestSuite.createTest(TestSuite.java:60)
	at junit.framework.TestSuite.addTestMethod(TestSuite.java:307)
	at junit.framework.TestSuite.addTestsFromTestCase(TestSuite.java:150)
	at junit.framework.TestSuite.<init>(TestSuite.java:129)
	at org.junit.internal.runners.JUnit38ClassRunner.<init>(JUnit38ClassRunner.java:74)
	at org.junit.internal.builders.JUnit3Builder.runnerForClass(JUnit3Builder.java:11)
	at org.junit.runners.model.RunnerBuilder.safeRunnerForClass(RunnerBuilder.java:59)
	at org.junit.internal.builders.AllDefaultPossibilitiesBuilder.runnerForClass(AllDefaultPossibilitiesBuilder.java:26)
	at org.junit.runners.model.RunnerBuilder.safeRunnerForClass(RunnerBuilder.java:59)
	at org.junit.internal.requests.ClassRequest.getRunner(ClassRequest.java:33)
	at org.junit.internal.requests.FilterRequest.getRunner(FilterRequest.java:36)
	at org.apache.maven.surefire.junit4.JUnit4Provider.execute(JUnit4Provider.java:341)
	at org.apache.maven.surefire.junit4.JUnit4Provider.executeWithRerun(JUnit4Provider.java:269)
	at org.apache.maven.surefire.junit4.JUnit4Provider.executeTestSet(JUnit4Provider.java:240)
	at org.apache.maven.surefire.junit4.JUnit4Provider.invoke(JUnit4Provider.java:184)
	at org.apache.maven.surefire.booter.ForkedBooter.invokeProviderInSameClassLoader(ForkedBooter.java:286)
	at org.apache.maven.surefire.booter.ForkedBooter.runSuitesInProcess(ForkedBooter.java:240)
	at org.apache.maven.surefire.booter.ForkedBooter.main(ForkedBooter.java:121)
)
  Run 3: TestSuite$1.warning Exception in constructor: testGetPersonnel (java.lang.NullPointerException
	at edu.ncsu.csc.itrust.action.ViewReportAction.<init>(ViewReportAction.java:26)
	at edu.ncsu.csc.itrust.action.ViewReportAction.<init>(ViewReportAction.java:35)
	at edu.ncsu.csc.itrust.unit.action.ViewReportActionTest.<init>(ViewReportActionTest.java:17)
	at sun.reflect.NativeConstructorAccessorImpl.newInstance0(Native Method)
	at sun.reflect.NativeConstructorAccessorImpl.newInstance(NativeConstructorAccessorImpl.java:62)
	at sun.reflect.DelegatingConstructorAccessorImpl.newInstance(DelegatingConstructorAccessorImpl.java:45)
	at java.lang.reflect.Constructor.newInstance(Constructor.java:423)
	at junit.framework.TestSuite.createTest(TestSuite.java:60)
	at junit.framework.TestSuite.addTestMethod(TestSuite.java:307)
	at junit.framework.TestSuite.addTestsFromTestCase(TestSuite.java:150)
	at junit.framework.TestSuite.<init>(TestSuite.java:129)
	at org.junit.internal.runners.JUnit38ClassRunner.<init>(JUnit38ClassRunner.java:74)
	at org.junit.internal.builders.JUnit3Builder.runnerForClass(JUnit3Builder.java:11)
	at org.junit.runners.model.RunnerBuilder.safeRunnerForClass(RunnerBuilder.java:59)
	at org.junit.internal.builders.AllDefaultPossibilitiesBuilder.runnerForClass(AllDefaultPossibilitiesBuilder.java:26)
	at org.junit.runners.model.RunnerBuilder.safeRunnerForClass(RunnerBuilder.java:59)
	at org.junit.internal.requests.ClassRequest.getRunner(ClassRequest.java:33)
	at org.junit.internal.requests.FilterRequest.getRunner(FilterRequest.java:36)
	at org.apache.maven.surefire.junit4.JUnit4Provider.execute(JUnit4Provider.java:341)
	at org.apache.maven.surefire.junit4.JUnit4Provider.executeWithRerun(JUnit4Provider.java:269)
	at org.apache.maven.surefire.junit4.JUnit4Provider.executeTestSet(JUnit4Provider.java:240)
	at org.apache.maven.surefire.junit4.JUnit4Provider.invoke(JUnit4Provider.java:184)
	at org.apache.maven.surefire.booter.ForkedBooter.invokeProviderInSameClassLoader(ForkedBooter.java:286)
	at org.apache.maven.surefire.booter.ForkedBooter.runSuitesInProcess(ForkedBooter.java:240)
	at org.apache.maven.surefire.booter.ForkedBooter.main(ForkedBooter.java:121)
)

Tests in error: 
  MessagesTest.testGetString:9 NoClassDefFound Could not initialize class edu.nc...
  AddApptActionTest.testAddAppt:45 » NullPointer
  AddApptActionTest.testAddConflicts:88 » NullPointer
  AddApptActionTest.testGetConflicts:115 » NullPointer
  AddApptRequestActionTest.testAddApptRequest:54 » NullPointer
  AddERespActionTest.testAddER:44 » NullPointer
  AddHCPActionTest.testAddHCP:57 » NullPointer
  AddPHAActionTest.testAddPHA:47 » NullPointer
  AddPatientActionTest.testAddPatient:45 » NullPointer
  AddUAPActionTest.testAddUAP:40 » NullPointer
  ChangePasswordActionTest.testChangePassword:24 » NullPointer
  EditApptActionTest.setUp:43 » NullPointer
  EditApptActionTest.setUp:43 » NullPointer
  EditApptActionTest.setUp:43 » NullPointer
  EditApptActionTest.setUp:43 » NullPointer
  EditApptActionTest.setUp:43 » NullPointer
  EditApptActionTest.setUp:43 » NullPointer
  EditApptTypeTest.setUp:27 » NullPointer
  EditApptTypeTest.setUp:27 » NullPointer
  EditApptTypeTest.setUp:27 » NullPointer
  EditApptTypeTest.setUp:27 » NullPointer
  EditApptTypeTest.setUp:27 » NullPointer
  EditApptTypeTest.setUp:27 » NullPointer
  EditApptTypeTest.setUp:27 » NullPointer
  EditPatientActionTest.testEditCOD:66 » NullPointer
  EditPatientActionTest.testEditRepresentatives:48 » NullPointer
  EditPatientActionTest.testSetDependent:157 » NullPointer
  EditPersonnelActionTest.testUpdateInformation:73 » NullPointer
  EditRepresentativesActionTest.testAddRepresentee:38 » NullPointer
  EditRepresentativesActionTest.testRemoveRepresentee:46 » NullPointer
  GenerateCalendarActionTest.setUp:37 » NullPointer
  GenerateCalendarActionTest.setUp:37 » NullPointer
  GenerateCalendarActionTest.setUp:37 » NullPointer
  GroupReportActionTest.setUp:29 » NullPointer
  GroupReportActionTest.setUp:29 » NullPointer
  GroupReportActionTest.setUp:29 » NullPointer
  GroupReportGeneratorActionTest.testGenerateReport:42 » NullPointer
  GroupReportGeneratorActionTest.testParseFilters:73 » NullPointer
  ManageHospitalAssignmentsActionTest.testAssignDuplicate:84->doAssignment:45 » NullPointer
  ManageHospitalAssignmentsActionTest.testAssignHCPToHospital:58->doAssignment:45 » NullPointer
  ManageHospitalAssignmentsActionTest.testRemoveAll:120->doAssignment:45 » NullPointer
  ManageHospitalAssignmentsActionTest.testRemovePersonnelAssignmentToHospital:99->doAssignment:45 » NullPointer
  PayBillActionTest.setUp:26 » NullPointer
  PayBillActionTest.setUp:26 » NullPointer
  ResetPasswordActionTest.testResetForHCP:114 » NullPointer
  ResetPasswordActionTest.testResetPassword:102 » NullPointer
  SendMessageActionTest.testSendMessage:57 » NullPointer
  UpdateHospitalListActionTest.testAddAddress:152 » NullPointer
  UpdateHospitalListActionTest.testAddDuplicate:108 » NullPointer
  UpdateHospitalListActionTest.testAddHospital:80 » NullPointer
  UpdateHospitalListActionTest.testAddHospital2:94 » NullPointer
  UpdateHospitalListActionTest.testUpdateAddress:169->addEmpty:66 » NullPointer
  UpdateHospitalListActionTest.testUpdateICDInformation0:124->addEmpty:66 » NullPointer
  ViewApptRequestsActionTest.setUp:24 » NullPointer
  ViewApptRequestsActionTest.setUp:24 » NullPointer
  ViewApptRequestsActionTest.setUp:24 » NullPointer
  ViewMyApptsActionTest.setUp:26 » NullPointer
  ViewMyApptsActionTest.setUp:26 » NullPointer
  ViewMyApptsActionTest.setUp:26 » NullPointer
  ViewMyBillingActionTest.testGetAllMyBills:31 » NullPointer
  ViewMyMessagesActionTest.setUp:42 » NullPointer
  ViewMyMessagesActionTest.setUp:42 » NullPointer
  ViewMyMessagesActionTest.setUp:42 » NullPointer
  ViewMyMessagesActionTest.setUp:42 » NullPointer
  ViewMyMessagesActionTest.setUp:42 » NullPointer
  ViewMyMessagesActionTest.setUp:42 » NullPointer
  ViewMyMessagesActionTest.setUp:42 » NullPointer
  ViewMyMessagesActionTest.setUp:42 » NullPointer
  ViewMyMessagesActionTest.setUp:42 » NullPointer
  ViewMyMessagesActionTest.setUp:42 » NullPointer
  ViewMyMessagesActionTest.setUp:42 » NullPointer
  ViewMyMessagesActionTest.setUp:42 » NullPointer
  ViewMyMessagesActionTest.setUp:42 » NullPointer
  ViewMyMessagesActionTest.setUp:42 » NullPointer
  ViewMyMessagesActionTest.setUp:42 » NullPointer
  ViewMyMessagesActionTest.setUp:42 » NullPointer
  ViewMyRemoteMonitoringListActionTest.setUp:26 » NullPointer
  ViewMyRemoteMonitoringListActionTest.setUp:26 » NullPointer
  ViewMyRemoteMonitoringListActionTest.setUp:26 » NullPointer
  ViewMyRemoteMonitoringListActionTest.setUp:26 » NullPointer
  ViewMyRemoteMonitoringListActionTest.setUp:26 » NullPointer
  ViewMyReportRequestsActionTest.testGetLongStatus:105 » NoClassDefFound Could n...
  ViewMyReportRequestsActionTest.testGetReportRequestForID3:52 » NoClassDefFound
  ViewMyReportRequestsActionTest.testGetReportRequestForID4:61 » NoClassDefFound
  ViewMyReportRequestsActionTest.testGetReportRequests3:34 » NoClassDefFound Cou...
  ViewMyReportRequestsActionTest.testInsertReport2:84 » NoClassDefFound Could no...
  ViewNumberOfPendingAppointmentsActionTest.setUp:30 » NullPointer
  ViewPatientActionTest.setUp:27 » NullPointer
  ViewPatientActionTest.setUp:27 » NullPointer
  ViewPersonnelActionTest.testNoPersonnel:34 » NoClassDefFound Could not initial...
  ViewPersonnelActionTest.testNotANumber:44 » ExceptionInInitializer
  ZipCodeActionTest.testGetExperts:30 » NullPointer
  ReportRequestBeanTest.testBadRequestedDate:29 NoClassDefFound Could not initia...
  ReportRequestBeanTest.testReportRequestBean:9 NoClassDefFound Could not initia...
  CPTCodeFormTest.testCPTCodeForm:63 » NullPointer
  ICDCodeFormTest.testICDCodeForm:64 » NullPointer
  LabProcedureControllerTest.testEdit:435 » NullPointer
  LabProcedureControllerTest.testRemove:452 » NullPointer
  LOINCCodeFormTest.testForm:74 » NullPointer
  NDCCodeFormTest.testForm:60 » NullPointer
  OfficeVisitControllerTest.testAddOfficeVisitWithFacesContext:173 » NullPointer
  OfficeVisitControllerTest.testAddReturnGeneratedId:364 » NullPointer
  OfficeVisitControllerTest.testGetSelectedVisit:302 » NullPointer
  OfficeVisitControllerTest.testRetrieveOfficeVisit:115 » NullPointer
  PrescriptionFormTest.testEverything:59 » NullPointer
  ReportRequestDAOTest.testAddThenRetrieveReport:91 » NoClassDefFound Could not ...
  ReportRequestDAOTest.testAddThenSetViewed:111 » NoClassDefFound Could not init...
  ReportRequestDAOTest.testGetReportsCheckListPatient:47 » NoClassDefFound Could...
  ReportRequestDAOTest.testGetReportsCheckListRequester:41 » NoClassDefFound Cou...
  ReportRequestDAOTest.testGetSpecificReport3CheckDetails:62 » NoClassDefFound C...
  ReportRequestDAOTest.testGetSpecificReport4CheckDetails:70 » NoClassDefFound C...
  OperationalProfileTest.testGetOperationalProfile:33 » NullPointer
  GroupReportGeneratorTest.testGroupReportGeneratorServletPost:75 » NullPointer
  SessionTimeoutListenerTest.testSessionDestroyed:42 » NullPointer

Tests run: 1162, Failures: 9, Errors: 114, Skipped: 0

[INFO] ------------------------------------------------------------------------
[INFO] BUILD FAILURE
[INFO] ------------------------------------------------------------------------
[INFO] Total time: 1:49.605s
[INFO] Finished at: Fri Mar 17 21:59:21 EDT 2017
[INFO] Final Memory: 30M/396M
[INFO] ------------------------------------------------------------------------
[ERROR] Failed to execute goal org.apache.maven.plugins:maven-surefire-plugin:2.19:test (default-test) on project iTrust: There are test failures.
[ERROR] 
[ERROR] Please refer to /var/lib/jenkins/workspace/iTrust-Fuzzer/iTrust/target/surefire-reports for the individual test results.
[ERROR] -> [Help 1]
[ERROR] 
[ERROR] To see the full stack trace of the errors, re-run Maven with the -e switch.
[ERROR] Re-run Maven using the -X switch to enable full debug logging.
[ERROR] 
[ERROR] For more information about the errors and possible solutions, please read the following articles:
[ERROR] [Help 1] http://cwiki.apache.org/confluence/display/MAVEN/MojoFailureException
Build step 'Execute shell' marked build as failure
Recording test results
[PostBuildScript] - Execution post build scripts.
[iTrust-Fuzzer] $ /bin/sh -xe /tmp/hudson2096675513132830531.sh
+ cd /var/lib/jenkins/BuildTools/UselessTest
+ mvn exec:java -Dexec.mainClass=test.detector.UselessTestDetectorMain
[INFO] Scanning for projects...
[WARNING] 
[WARNING] Some problems were encountered while building the effective model for test.detector:UselessTest:jar:0.0.1-SNAPSHOT
[WARNING] 'build.plugins.plugin.version' for org.apache.maven.plugins:maven-compiler-plugin is missing. @ line 9, column 12
[WARNING] 
[WARNING] It is highly recommended to fix these problems because they threaten the stability of your build.
[WARNING] 
[WARNING] For this reason, future Maven versions might no longer support building such malformed projects.
[WARNING] 
[INFO]                                                                         
[INFO] ------------------------------------------------------------------------
[INFO] Building UselessTest 0.0.1-SNAPSHOT
[INFO] ------------------------------------------------------------------------
[INFO] 
[INFO] --- exec-maven-plugin:1.6.0:java (default-cli) @ UselessTest ---
Number of Useless Tests : 494 

Number of Failed Tests : 668 

[INFO] ------------------------------------------------------------------------
[INFO] BUILD SUCCESS
[INFO] ------------------------------------------------------------------------
[INFO] Total time: 2.398s
[INFO] Finished at: Fri Mar 17 21:59:26 EDT 2017
[INFO] Final Memory: 11M/173M
[INFO] ------------------------------------------------------------------------
Finished: FAILURE
